
          -------------------------------------------------------
          Amber 20 SANDER                              2020
          -------------------------------------------------------

| Run on 02/06/2022 at 15:28:06

|   Executable path: sander.MPI
| Working directory: /gpfs_common/share01/eesantis/ecarden/urea_water_2/10_01
|          Hostname: n3h3-8

  [-O]verwriting output

File Assignments:
|  MDIN: min.in                                                                
| MDOUT: min.out                                                               
|INPCRD: min0.ncrst                                                            
|  PARM: simbox.prmtop                                                         
|RESTRT: min.ncrst                                                             
|  REFC: refc                                                                  
| MDVEL: mdvel                                                                 
| MDFRC: mdfrc                                                                 
|  MDEN: mden                                                                  
| MDCRD: min.mdcrd                                                             
|MDINFO: min.mdinfo                                                            
|  MTMD: mtmd                                                                  
|INPDIP: inpdip                                                                
|RSTDIP: rstdip                                                                
|INPTRA: inptraj                                                               

|    REMLOG: rem.log
|   REMTYPE: rem.type
|  REMSTRIP: 
|   SAVEENE: saveene
|CLUSTERINF: cluster.info
| RESERVOIR: reserv/frame
|   REMDDIM: 


 Here is the input file:

Stage 1 - minimisation of simbox                                               
 &cntrl                                                                        
  imin   = 1,                                                                  
  maxcyc = 10000,                                                              
  ncyc   = 500,                                                                
  ntb    = 1,                                                                  
  ntr    = 0,                                                                  
  cut    = 10.00                                                               
 /                                                                             

--------------------------------------------------------------------------------
   1.  RESOURCE   USE: 
--------------------------------------------------------------------------------

| Flags: MPI                                                                    
 getting box info from netcdf restart file
| NetCDF restart box info found
|Largest sphere to fit in unit cell has radius =    26.000
| New format PARM file being parsed.
| Version =    1.000 Date = 02/06/22 Time = 13:47:07
 NATOM  =    9449 NTYPES =       6 NBONH =    6286 MBONA  =      30
 NTHETH =    3183 MTHETA =      30 NPHIH =     140 MPHIA  =      10
 NHPARM =       0 NPARM  =       0 NNB   =   12742 NRES   =    3133
 NBONA  =      30 NTHETA =      30 NPHIA =      10 NUMBND =       4
 NUMANG =       5 NPTRA  =       4 NATYP =       6 NPHB   =       0
 IFBOX  =       1 NMXRS  =       8 IFCAP =       0 NEXTRA =       0
 NCOPY  =       0


|     Memory Use     Allocated
|     Real             1535621
|     Hollerith          31482
|     Integer           238382
|     Max Pairs         907104
|     nblistReal        113388
|     nblist Int        346102
|       Total            18832 kbytes

| Note: 1-4 EEL scale factors are being read from the topology file.

| Note: 1-4 VDW scale factors are being read from the topology file.
| Duplicated    0 dihedrals
| Duplicated    0 dihedrals

     BOX TYPE: RECTILINEAR

--------------------------------------------------------------------------------
   2.  CONTROL  DATA  FOR  THE  RUN
--------------------------------------------------------------------------------

default_name                                                                    

General flags:
     imin    =       1, nmropt  =       0

Nature and format of input:
     ntx     =       1, irest   =       0, ntrx    =       1

Nature and format of output:
     ntxo    =       2, ntpr    =      50, ntrx    =       1, ntwr    =       1
     iwrap   =       0, ntwx    =       0, ntwv    =       0, ntwe    =       0
     ioutfm  =       1, ntwprt  =       0, idecomp =       0, rbornstat=      0

Potential function:
     ntf     =       1, ntb     =       1, igb     =       0, nsnb    =      25
     ipol    =       0, gbsa    =       0, iesp    =       0
     dielc   =   1.00000, cut     =  10.00000, intdiel =   1.00000

Frozen or restrained atoms:
     ibelly  =       0, ntr     =       0

Energy minimization:
     maxcyc  =   10000, ncyc    =     500, ntmin   =       1
     dx0     =   0.01000, drms    =   0.00010

Ewald parameters:
     verbose =       0, ew_type =       0, nbflag  =       1, use_pme =       1
     vdwmeth =       1, eedmeth =       1, netfrc  =       0
     Box X =   52.000   Box Y =   52.000   Box Z =   52.000
     Alpha =   90.000   Beta  =   90.000   Gamma =   90.000
     NFFT1 =   54       NFFT2 =   54       NFFT3 =   54
     Cutoff=   10.000   Tol   =0.100E-04
     Ewald Coefficient =  0.27511
     Interpolation order =    4

| MPI Timing options:
|      profile_mpi =        0
|  INFO: Old style inpcrd file read


--------------------------------------------------------------------------------
   3.  ATOMIC COORDINATES AND VELOCITIES
--------------------------------------------------------------------------------

default_name                                                                    
 begin time read from input coords =     0.000 ps

 Number of triangulated 3-point waters found:        0
|  Atom division among processors:
|         0     590    1181    1772    2360    2951    3542    4130
|      4721    5312    5900    6491    7082    7670    8261    8852
|      9449

     Sum of charges from parm topology file =  -0.00000005
     Forcing neutrality...
|  Running AMBER/MPI version on   16 nodes


--------------------------------------------------------------------------------
   4.  RESULTS
--------------------------------------------------------------------------------

 ---------------------------------------------------
 APPROXIMATING switch and d/dx switch using CUBIC SPLINE INTERPOLATION
 using   5000.0 points per unit in tabled values
 TESTING RELATIVE ERROR over r ranging from 0.0 to cutoff
| CHECK switch(x): max rel err =   0.2738E-14   at   2.422500
| CHECK d/dx switch(x): max rel err =   0.8314E-11   at   2.736960
 ---------------------------------------------------
| Local SIZE OF NONBOND LIST =     114840
| TOTAL SIZE OF NONBOND LIST =    2296228


   NSTEP       ENERGY          RMS            GMAX         NAME    NUMBER
      1      -3.6494E+04     1.5745E-01     9.3867E+00     O1          2

 BOND    =     1627.3431  ANGLE   =     1037.2644  DIHED      =       81.3050
 VDWAALS =     5754.4738  EEL     =   -43459.5460  HBOND      =        0.0000
 1-4 VDW =       -1.3031  1-4 EEL =    -1533.2447  RESTRAINT  =        0.0000


   NSTEP       ENERGY          RMS            GMAX         NAME    NUMBER
     50      -3.6496E+04     5.5678E-02     5.7676E+00     C1          1

 BOND    =     1628.1677  ANGLE   =     1037.9019  DIHED      =       81.3296
 VDWAALS =     5754.3758  EEL     =   -43461.7708  HBOND      =        0.0000
 1-4 VDW =       -1.3038  1-4 EEL =    -1534.3907  RESTRAINT  =        0.0000


   NSTEP       ENERGY          RMS            GMAX         NAME    NUMBER
    100      -3.6496E+04     2.3905E-02     2.1929E+00     C1          1

 BOND    =     1628.1165  ANGLE   =     1037.9546  DIHED      =       81.3310
 VDWAALS =     5754.4070  EEL     =   -43461.9926  HBOND      =        0.0000
 1-4 VDW =       -1.3035  1-4 EEL =    -1534.5652  RESTRAINT  =        0.0000


   NSTEP       ENERGY          RMS            GMAX         NAME    NUMBER
    150      -3.6496E+04     1.9731E-02     1.2987E+00     C1          1

 BOND    =     1628.1436  ANGLE   =     1037.9806  DIHED      =       81.3316
 VDWAALS =     5754.5453  EEL     =   -43462.5009  HBOND      =        0.0000
 1-4 VDW =       -1.3033  1-4 EEL =    -1534.5948  RESTRAINT  =        0.0000


   NSTEP       ENERGY          RMS            GMAX         NAME    NUMBER
    200      -3.6497E+04     6.8470E-02     8.1217E+00     C1          1

 BOND    =     1628.1209  ANGLE   =     1038.0255  DIHED      =       81.3323
 VDWAALS =     5754.7539  EEL     =   -43463.0342  HBOND      =        0.0000
 1-4 VDW =       -1.3033  1-4 EEL =    -1534.6397  RESTRAINT  =        0.0000


   NSTEP       ENERGY          RMS            GMAX         NAME    NUMBER
    250      -3.6497E+04     3.9216E-02     3.8251E+00     C1          1

 BOND    =     1628.2558  ANGLE   =     1038.0258  DIHED      =       81.3330
 VDWAALS =     5755.0233  EEL     =   -43463.8530  HBOND      =        0.0000
 1-4 VDW =       -1.3031  1-4 EEL =    -1534.5957  RESTRAINT  =        0.0000


   NSTEP       ENERGY          RMS            GMAX         NAME    NUMBER
    300      -3.6497E+04     5.8621E-02     6.3301E+00     C1          1

 BOND    =     1628.3228  ANGLE   =     1038.0461  DIHED      =       81.3338
 VDWAALS =     5755.3102  EEL     =   -43464.5730  HBOND      =        0.0000
 1-4 VDW =       -1.3030  1-4 EEL =    -1534.5907  RESTRAINT  =        0.0000


   NSTEP       ENERGY          RMS            GMAX         NAME    NUMBER
    350      -3.6498E+04     2.0634E-02     1.4463E+00     C1          1

 BOND    =     1628.2798  ANGLE   =     1038.0833  DIHED      =       81.3347
 VDWAALS =     5755.6208  EEL     =   -43465.1864  HBOND      =        0.0000
 1-4 VDW =       -1.3031  1-4 EEL =    -1534.6304  RESTRAINT  =        0.0000


   NSTEP       ENERGY          RMS            GMAX         NAME    NUMBER
    400      -3.6498E+04     1.7816E-02     1.0487E+00     H        9165

 BOND    =     1628.3376  ANGLE   =     1038.1009  DIHED      =       81.3356
 VDWAALS =     5755.9623  EEL     =   -43465.9491  HBOND      =        0.0000
 1-4 VDW =       -1.3030  1-4 EEL =    -1534.6281  RESTRAINT  =        0.0000


   NSTEP       ENERGY          RMS            GMAX         NAME    NUMBER
    450      -3.6498E+04     2.1862E-02     1.3507E+00     C1          1

 BOND    =     1628.4010  ANGLE   =     1038.1148  DIHED      =       81.3365
 VDWAALS =     5756.3102  EEL     =   -43466.7163  HBOND      =        0.0000
 1-4 VDW =       -1.3030  1-4 EEL =    -1534.6246  RESTRAINT  =        0.0000


   NSTEP       ENERGY          RMS            GMAX         NAME    NUMBER
    500      -3.6499E+04     3.9767E-02     4.0630E+00     C1          1

 BOND    =     1628.4794  ANGLE   =     1038.1236  DIHED      =       81.3375
 VDWAALS =     5756.6426  EEL     =   -43467.4375  HBOND      =        0.0000
 1-4 VDW =       -1.3029  1-4 EEL =    -1534.6146  RESTRAINT  =        0.0000


   NSTEP       ENERGY          RMS            GMAX         NAME    NUMBER
    550      -3.6504E+04     5.2023E-02     2.5628E+00     H1       8143

 BOND    =     1629.7783  ANGLE   =     1038.2192  DIHED      =       81.3565
 VDWAALS =     5762.3056  EEL     =   -43480.1310  HBOND      =        0.0000
 1-4 VDW =       -1.3020  1-4 EEL =    -1534.5024  RESTRAINT  =        0.0000


   NSTEP       ENERGY          RMS            GMAX         NAME    NUMBER
    600      -3.6505E+04     3.5718E-02     2.4284E+00     C1          1

 BOND    =     1629.2551  ANGLE   =     1038.4045  DIHED      =       81.3617
 VDWAALS =     5763.2499  EEL     =   -43481.5903  HBOND      =        0.0000
 1-4 VDW =       -1.3027  1-4 EEL =    -1534.7505  RESTRAINT  =        0.0000


   NSTEP       ENERGY          RMS            GMAX         NAME    NUMBER
    650      -3.6508E+04     3.8101E-02     2.0606E+00     H2A         8

 BOND    =     1629.7968  ANGLE   =     1038.7634  DIHED      =       81.3716
 VDWAALS =     5764.9557  EEL     =   -43487.0186  HBOND      =        0.0000
 1-4 VDW =       -1.3026  1-4 EEL =    -1534.7472  RESTRAINT  =        0.0000


   NSTEP       ENERGY          RMS            GMAX         NAME    NUMBER
    700      -3.6509E+04     6.4308E-02     3.6387E+00     N1          3

 BOND    =     1629.8755  ANGLE   =     1038.7531  DIHED      =       81.3812
 VDWAALS =     5765.8335  EEL     =   -43489.1703  HBOND      =        0.0000
 1-4 VDW =       -1.3015  1-4 EEL =    -1534.2488  RESTRAINT  =        0.0000


   NSTEP       ENERGY          RMS            GMAX         NAME    NUMBER
    750      -3.6510E+04     4.4657E-02     2.5750E+00     O1          2

 BOND    =     1629.6319  ANGLE   =     1038.7717  DIHED      =       81.3798
 VDWAALS =     5766.6661  EEL     =   -43490.6206  HBOND      =        0.0000
 1-4 VDW =       -1.3012  1-4 EEL =    -1534.1420  RESTRAINT  =        0.0000


   NSTEP       ENERGY          RMS            GMAX         NAME    NUMBER
    800      -3.6512E+04     1.3099E-01     7.0736E+00     H        3177

 BOND    =     1631.0081  ANGLE   =     1038.3972  DIHED      =       81.3898
 VDWAALS =     5769.7220  EEL     =   -43496.3637  HBOND      =        0.0000
 1-4 VDW =       -1.3039  1-4 EEL =    -1535.2876  RESTRAINT  =        0.0000


   NSTEP       ENERGY          RMS            GMAX         NAME    NUMBER
    850      -3.6515E+04     5.9098E-02     3.4542E+00     H1A         7

 BOND    =     1630.3816  ANGLE   =     1039.2528  DIHED      =       81.3635
 VDWAALS =     5770.2914  EEL     =   -43499.9286  HBOND      =        0.0000
 1-4 VDW =       -1.3026  1-4 EEL =    -1534.7050  RESTRAINT  =        0.0000


   NSTEP       ENERGY          RMS            GMAX         NAME    NUMBER
    900      -3.6515E+04     4.1179E-01     2.3893E+01     C1         73

 BOND    =     1632.0124  ANGLE   =     1039.8725  DIHED      =       81.3658
 VDWAALS =     5770.8520  EEL     =   -43502.9612  HBOND      =        0.0000
 1-4 VDW =       -1.3029  1-4 EEL =    -1534.9027  RESTRAINT  =        0.0000


   NSTEP       ENERGY          RMS            GMAX         NAME    NUMBER
    950      -3.6517E+04     8.9916E-02     5.4225E+00     C1          1

 BOND    =     1630.5809  ANGLE   =     1039.2545  DIHED      =       81.3792
 VDWAALS =     5770.7018  EEL     =   -43503.7873  HBOND      =        0.0000
 1-4 VDW =       -1.3017  1-4 EEL =    -1534.3176  RESTRAINT  =        0.0000


   NSTEP       ENERGY          RMS            GMAX         NAME    NUMBER
   1000      -3.6520E+04     2.8633E-01     1.3593E+01     O        1736

 BOND    =     1634.6863  ANGLE   =     1040.3871  DIHED      =       81.3880
 VDWAALS =     5772.0172  EEL     =   -43513.3328  HBOND      =        0.0000
 1-4 VDW =       -1.3012  1-4 EEL =    -1534.1050  RESTRAINT  =        0.0000


   NSTEP       ENERGY          RMS            GMAX         NAME    NUMBER
   1050      -3.6524E+04     8.8456E-02     4.1810E+00     C1         57

 BOND    =     1630.0866  ANGLE   =     1039.0663  DIHED      =       81.3825
 VDWAALS =     5773.8170  EEL     =   -43512.2709  HBOND      =        0.0000
 1-4 VDW =       -1.3020  1-4 EEL =    -1534.3500  RESTRAINT  =        0.0000


   NSTEP       ENERGY          RMS            GMAX         NAME    NUMBER
   1100      -3.6525E+04     1.6513E-01     1.1047E+01     C1          1

 BOND    =     1636.5528  ANGLE   =     1040.2839  DIHED      =       81.3830
 VDWAALS =     5774.5965  EEL     =   -43522.4860  HBOND      =        0.0000
 1-4 VDW =       -1.3024  1-4 EEL =    -1534.4918  RESTRAINT  =        0.0000


   NSTEP       ENERGY          RMS            GMAX         NAME    NUMBER
   1150      -3.6529E+04     1.2289E-01     5.1963E+00     H         978

 BOND    =     1631.6746  ANGLE   =     1037.9760  DIHED      =       81.3893
 VDWAALS =     5778.2669  EEL     =   -43522.3890  HBOND      =        0.0000
 1-4 VDW =       -1.3020  1-4 EEL =    -1534.3186  RESTRAINT  =        0.0000


   NSTEP       ENERGY          RMS            GMAX         NAME    NUMBER
   1200      -3.6532E+04     1.6633E-01     7.5498E+00     C1          1

 BOND    =     1633.1515  ANGLE   =     1038.7604  DIHED      =       81.3861
 VDWAALS =     5776.8482  EEL     =   -43526.5222  HBOND      =        0.0000
 1-4 VDW =       -1.3014  1-4 EEL =    -1534.1254  RESTRAINT  =        0.0000


   NSTEP       ENERGY          RMS            GMAX         NAME    NUMBER
   1250      -3.6534E+04     6.7071E-02     3.8704E+00     C1         73

 BOND    =     1632.3580  ANGLE   =     1039.4894  DIHED      =       81.4081
 VDWAALS =     5777.4154  EEL     =   -43529.0471  HBOND      =        0.0000
 1-4 VDW =       -1.3024  1-4 EEL =    -1534.4510  RESTRAINT  =        0.0000


   NSTEP       ENERGY          RMS            GMAX         NAME    NUMBER
   1300      -3.6535E+04     6.9831E-02     6.0143E+00     C1         73

 BOND    =     1631.7150  ANGLE   =     1039.2814  DIHED      =       81.4759
 VDWAALS =     5776.9386  EEL     =   -43529.1053  HBOND      =        0.0000
 1-4 VDW =       -1.3021  1-4 EEL =    -1534.4020  RESTRAINT  =        0.0000


   NSTEP       ENERGY          RMS            GMAX         NAME    NUMBER
   1350      -3.6537E+04     1.3286E-01     6.3927E+00     O1          2

 BOND    =     1630.3938  ANGLE   =     1038.1285  DIHED      =       81.3808
 VDWAALS =     5775.8336  EEL     =   -43526.7578  HBOND      =        0.0000
 1-4 VDW =       -1.3028  1-4 EEL =    -1534.9151  RESTRAINT  =        0.0000


   NSTEP       ENERGY          RMS            GMAX         NAME    NUMBER
   1400      -3.6540E+04     1.5482E-01     1.5301E+01     C1          1

 BOND    =     1629.2431  ANGLE   =     1039.0595  DIHED      =       81.3872
 VDWAALS =     5775.5152  EEL     =   -43528.9492  HBOND      =        0.0000
 1-4 VDW =       -1.3024  1-4 EEL =    -1534.6069  RESTRAINT  =        0.0000


   NSTEP       ENERGY          RMS            GMAX         NAME    NUMBER
   1450      -3.6543E+04     1.6486E-01     8.2435E+00     O1          2

 BOND    =     1631.1741  ANGLE   =     1040.9969  DIHED      =       81.5189
 VDWAALS =     5774.8119  EEL     =   -43536.0568  HBOND      =        0.0000
 1-4 VDW =       -1.3019  1-4 EEL =    -1534.2475  RESTRAINT  =        0.0000


   NSTEP       ENERGY          RMS            GMAX         NAME    NUMBER
   1500      -3.6546E+04     1.3339E-01     6.6346E+00     O1          2

 BOND    =     1632.2268  ANGLE   =     1039.2660  DIHED      =       81.4088
 VDWAALS =     5773.5353  EEL     =   -43536.9344  HBOND      =        0.0000
 1-4 VDW =       -1.3019  1-4 EEL =    -1534.1965  RESTRAINT  =        0.0000


   NSTEP       ENERGY          RMS            GMAX         NAME    NUMBER
   1550      -3.6547E+04     5.0756E-02     2.8187E+00     O1          2

 BOND    =     1631.7844  ANGLE   =     1039.6099  DIHED      =       81.4089
 VDWAALS =     5773.4106  EEL     =   -43537.6230  HBOND      =        0.0000
 1-4 VDW =       -1.3019  1-4 EEL =    -1534.2097  RESTRAINT  =        0.0000


   NSTEP       ENERGY          RMS            GMAX         NAME    NUMBER
   1600      -3.6552E+04     1.2572E-01     5.3407E+00     O1          2

 BOND    =     1632.7969  ANGLE   =     1039.6358  DIHED      =       81.4175
 VDWAALS =     5772.7918  EEL     =   -43543.4497  HBOND      =        0.0000
 1-4 VDW =       -1.3017  1-4 EEL =    -1533.9891  RESTRAINT  =        0.0000


   NSTEP       ENERGY          RMS            GMAX         NAME    NUMBER
   1650      -3.6554E+04     6.2517E-02     2.7393E+00     O1          2

 BOND    =     1631.9639  ANGLE   =     1040.0231  DIHED      =       81.4150
 VDWAALS =     5774.0168  EEL     =   -43545.8887  HBOND      =        0.0000
 1-4 VDW =       -1.3018  1-4 EEL =    -1534.0064  RESTRAINT  =        0.0000


   NSTEP       ENERGY          RMS            GMAX         NAME    NUMBER
   1700      -3.6556E+04     7.5679E-02     4.2031E+00     C1          1

 BOND    =     1631.6178  ANGLE   =     1039.6492  DIHED      =       81.4234
 VDWAALS =     5771.5095  EEL     =   -43545.1092  HBOND      =        0.0000
 1-4 VDW =       -1.3015  1-4 EEL =    -1534.0316  RESTRAINT  =        0.0000


   NSTEP       ENERGY          RMS            GMAX         NAME    NUMBER
   1750      -3.6557E+04     6.3604E-02     3.1675E+00     H2          5

 BOND    =     1631.9220  ANGLE   =     1039.7171  DIHED      =       81.4267
 VDWAALS =     5771.6875  EEL     =   -43546.9736  HBOND      =        0.0000
 1-4 VDW =       -1.3013  1-4 EEL =    -1533.8742  RESTRAINT  =        0.0000


   NSTEP       ENERGY          RMS            GMAX         NAME    NUMBER
   1800      -3.6558E+04     5.2117E-02     2.4354E+00     H2          5

 BOND    =     1632.1332  ANGLE   =     1039.5093  DIHED      =       81.4252
 VDWAALS =     5770.8538  EEL     =   -43546.9166  HBOND      =        0.0000
 1-4 VDW =       -1.3014  1-4 EEL =    -1533.9400  RESTRAINT  =        0.0000


   NSTEP       ENERGY          RMS            GMAX         NAME    NUMBER
   1850      -3.6559E+04     6.9436E-02     3.5481E+00     C1         33

 BOND    =     1632.4721  ANGLE   =     1039.3296  DIHED      =       81.4170
 VDWAALS =     5770.4066  EEL     =   -43547.1608  HBOND      =        0.0000
 1-4 VDW =       -1.3019  1-4 EEL =    -1534.1392  RESTRAINT  =        0.0000


   NSTEP       ENERGY          RMS            GMAX         NAME    NUMBER
   1900      -3.6561E+04     3.1034E-01     1.3300E+01     O1         66

 BOND    =     1634.0882  ANGLE   =     1042.5431  DIHED      =       81.4506
 VDWAALS =     5768.6961  EEL     =   -43552.8322  HBOND      =        0.0000
 1-4 VDW =       -1.2999  1-4 EEL =    -1533.4246  RESTRAINT  =        0.0000


   NSTEP       ENERGY          RMS            GMAX         NAME    NUMBER
   1950      -3.6565E+04     1.4596E-01     9.7608E+00     O        3239

 BOND    =     1632.4879  ANGLE   =     1040.9781  DIHED      =       81.4099
 VDWAALS =     5770.4543  EEL     =   -43554.2926  HBOND      =        0.0000
 1-4 VDW =       -1.3020  1-4 EEL =    -1534.2438  RESTRAINT  =        0.0000


   NSTEP       ENERGY          RMS            GMAX         NAME    NUMBER
   2000      -3.6567E+04     2.9455E-01     1.2527E+01     N1A         6

 BOND    =     1632.4555  ANGLE   =     1040.2041  DIHED      =       81.4141
 VDWAALS =     5767.6501  EEL     =   -43553.1139  HBOND      =        0.0000
 1-4 VDW =       -1.3013  1-4 EEL =    -1533.9966  RESTRAINT  =        0.0000


   NSTEP       ENERGY          RMS            GMAX         NAME    NUMBER
   2050      -3.6568E+04     7.0561E-02     2.5219E+00     O1         66

 BOND    =     1632.3822  ANGLE   =     1039.9032  DIHED      =       81.4119
 VDWAALS =     5768.2853  EEL     =   -43554.7181  HBOND      =        0.0000
 1-4 VDW =       -1.3021  1-4 EEL =    -1534.1757  RESTRAINT  =        0.0000


   NSTEP       ENERGY          RMS            GMAX         NAME    NUMBER
   2100      -3.6569E+04     1.3117E-01     8.9455E+00     C1         65

 BOND    =     1632.8721  ANGLE   =     1040.2183  DIHED      =       81.4401
 VDWAALS =     5769.7522  EEL     =   -43558.1925  HBOND      =        0.0000
 1-4 VDW =       -1.3011  1-4 EEL =    -1533.7783  RESTRAINT  =        0.0000


   NSTEP       ENERGY          RMS            GMAX         NAME    NUMBER
   2150      -3.6571E+04     1.9218E-01     1.5230E+01     C1         73

 BOND    =     1633.2423  ANGLE   =     1038.7902  DIHED      =       81.4175
 VDWAALS =     5769.4492  EEL     =   -43558.9874  HBOND      =        0.0000
 1-4 VDW =       -1.3011  1-4 EEL =    -1533.8337  RESTRAINT  =        0.0000


   NSTEP       ENERGY          RMS            GMAX         NAME    NUMBER
   2200      -3.6573E+04     6.4962E-02     3.2663E+00     C1         65

 BOND    =     1633.2171  ANGLE   =     1039.1672  DIHED      =       81.4188
 VDWAALS =     5770.5236  EEL     =   -43561.5516  HBOND      =        0.0000
 1-4 VDW =       -1.3019  1-4 EEL =    -1534.1311  RESTRAINT  =        0.0000


   NSTEP       ENERGY          RMS            GMAX         NAME    NUMBER
   2250      -3.6573E+04     1.6909E-02     7.9195E-01     O1         66

 BOND    =     1633.0128  ANGLE   =     1039.4018  DIHED      =       81.4147
 VDWAALS =     5770.1856  EEL     =   -43561.6103  HBOND      =        0.0000
 1-4 VDW =       -1.3018  1-4 EEL =    -1534.1226  RESTRAINT  =        0.0000


   NSTEP       ENERGY          RMS            GMAX         NAME    NUMBER
   2300      -3.6575E+04     3.0725E-02     1.4110E+00     C1         65

 BOND    =     1632.9990  ANGLE   =     1039.3845  DIHED      =       81.4174
 VDWAALS =     5767.4245  EEL     =   -43561.1571  HBOND      =        0.0000
 1-4 VDW =       -1.3019  1-4 EEL =    -1534.1295  RESTRAINT  =        0.0000


   NSTEP       ENERGY          RMS            GMAX         NAME    NUMBER
   2350      -3.6576E+04     3.0884E-02     1.5833E+00     C1          1

 BOND    =     1632.8432  ANGLE   =     1039.5759  DIHED      =       81.4180
 VDWAALS =     5768.2407  EEL     =   -43562.4258  HBOND      =        0.0000
 1-4 VDW =       -1.3019  1-4 EEL =    -1534.1163  RESTRAINT  =        0.0000


   NSTEP       ENERGY          RMS            GMAX         NAME    NUMBER
   2400      -3.6576E+04     9.6681E-03     2.3189E-01     C1         65

 BOND    =     1632.8780  ANGLE   =     1039.4869  DIHED      =       81.4258
 VDWAALS =     5768.1937  EEL     =   -43562.4445  HBOND      =        0.0000
 1-4 VDW =       -1.3018  1-4 EEL =    -1534.1045  RESTRAINT  =        0.0000

     ... RESTARTED DUE TO LINMIN FAILURE ...


   NSTEP       ENERGY          RMS            GMAX         NAME    NUMBER
   2450      -3.6576E+04     2.4053E-02     1.0245E+00     N1         27

 BOND    =     1632.8106  ANGLE   =     1039.5575  DIHED      =       81.4231
 VDWAALS =     5768.1993  EEL     =   -43562.5731  HBOND      =        0.0000
 1-4 VDW =       -1.3018  1-4 EEL =    -1534.0959  RESTRAINT  =        0.0000


   NSTEP       ENERGY          RMS            GMAX         NAME    NUMBER
   2500      -3.6577E+04     1.3284E-01     9.6302E+00     C1         65

 BOND    =     1632.7628  ANGLE   =     1039.6946  DIHED      =       81.4240
 VDWAALS =     5767.9977  EEL     =   -43563.0578  HBOND      =        0.0000
 1-4 VDW =       -1.3018  1-4 EEL =    -1534.1166  RESTRAINT  =        0.0000


   NSTEP       ENERGY          RMS            GMAX         NAME    NUMBER
   2550      -3.6577E+04     7.3785E-02     5.4510E+00     C1         33

 BOND    =     1633.1959  ANGLE   =     1039.6444  DIHED      =       81.4214
 VDWAALS =     5768.0102  EEL     =   -43563.8354  HBOND      =        0.0000
 1-4 VDW =       -1.3018  1-4 EEL =    -1534.0913  RESTRAINT  =        0.0000


   NSTEP       ENERGY          RMS            GMAX         NAME    NUMBER
   2600      -3.6577E+04     5.7937E-02     4.4648E+00     C1         65

 BOND    =     1632.7639  ANGLE   =     1039.5470  DIHED      =       81.4322
 VDWAALS =     5767.7315  EEL     =   -43563.2874  HBOND      =        0.0000
 1-4 VDW =       -1.3018  1-4 EEL =    -1534.1614  RESTRAINT  =        0.0000


   NSTEP       ENERGY          RMS            GMAX         NAME    NUMBER
   2650      -3.6578E+04     1.9552E-01     1.1356E+01     C1         65

 BOND    =     1634.8939  ANGLE   =     1040.3540  DIHED      =       81.4211
 VDWAALS =     5768.2250  EEL     =   -43567.3497  HBOND      =        0.0000
 1-4 VDW =       -1.3015  1-4 EEL =    -1534.0370  RESTRAINT  =        0.0000


   NSTEP       ENERGY          RMS            GMAX         NAME    NUMBER
   2700      -3.6578E+04     2.5606E-02     1.2532E+00     H1A         7

 BOND    =     1632.7562  ANGLE   =     1039.3951  DIHED      =       81.4265
 VDWAALS =     5768.1267  EEL     =   -43564.7892  HBOND      =        0.0000
 1-4 VDW =       -1.3018  1-4 EEL =    -1534.0837  RESTRAINT  =        0.0000


   NSTEP       ENERGY          RMS            GMAX         NAME    NUMBER
   2750      -3.6579E+04     2.3689E-02     1.4054E+00     C1         73

 BOND    =     1633.0689  ANGLE   =     1039.4563  DIHED      =       81.4280
 VDWAALS =     5768.0507  EEL     =   -43565.2466  HBOND      =        0.0000
 1-4 VDW =       -1.3015  1-4 EEL =    -1534.0309  RESTRAINT  =        0.0000


   NSTEP       ENERGY          RMS            GMAX         NAME    NUMBER
   2800      -3.6580E+04     1.7182E-01     1.2812E+01     H1       6055

 BOND    =     1633.6084  ANGLE   =     1039.3433  DIHED      =       81.4369
 VDWAALS =     5767.3776  EEL     =   -43566.3746  HBOND      =        0.0000
 1-4 VDW =       -1.3026  1-4 EEL =    -1534.4572  RESTRAINT  =        0.0000


   NSTEP       ENERGY          RMS            GMAX         NAME    NUMBER
   2850      -3.6582E+04     3.8162E-02     2.3036E+00     C1         73

 BOND    =     1633.2890  ANGLE   =     1039.2137  DIHED      =       81.4245
 VDWAALS =     5768.3558  EEL     =   -43568.4519  HBOND      =        0.0000
 1-4 VDW =       -1.3018  1-4 EEL =    -1534.1188  RESTRAINT  =        0.0000


   NSTEP       ENERGY          RMS            GMAX         NAME    NUMBER
   2900      -3.6582E+04     9.2393E-02     5.6230E+00     C1         73

 BOND    =     1633.4890  ANGLE   =     1039.1166  DIHED      =       81.4565
 VDWAALS =     5768.9873  EEL     =   -43570.0065  HBOND      =        0.0000
 1-4 VDW =       -1.3017  1-4 EEL =    -1533.9604  RESTRAINT  =        0.0000


   NSTEP       ENERGY          RMS            GMAX         NAME    NUMBER
   2950      -3.6583E+04     2.4940E-02     9.5095E-01     C1          1

 BOND    =     1633.4009  ANGLE   =     1039.1767  DIHED      =       81.4278
 VDWAALS =     5768.2451  EEL     =   -43569.3959  HBOND      =        0.0000
 1-4 VDW =       -1.3020  1-4 EEL =    -1534.1999  RESTRAINT  =        0.0000


   NSTEP       ENERGY          RMS            GMAX         NAME    NUMBER
   3000      -3.6585E+04     4.8741E-02     1.8427E+00     H         522

 BOND    =     1631.5865  ANGLE   =     1038.2674  DIHED      =       81.4137
 VDWAALS =     5769.2925  EEL     =   -43570.4337  HBOND      =        0.0000
 1-4 VDW =       -1.3020  1-4 EEL =    -1534.1810  RESTRAINT  =        0.0000


   NSTEP       ENERGY          RMS            GMAX         NAME    NUMBER
   3050      -3.6586E+04     3.0298E-02     9.8004E-01     N1A         6

 BOND    =     1634.0895  ANGLE   =     1038.8068  DIHED      =       81.4349
 VDWAALS =     5769.8175  EEL     =   -43575.1077  HBOND      =        0.0000
 1-4 VDW =       -1.3017  1-4 EEL =    -1534.1211  RESTRAINT  =        0.0000


   NSTEP       ENERGY          RMS            GMAX         NAME    NUMBER
   3100      -3.6589E+04     1.0357E-01     5.0501E+00     H1       6988

 BOND    =     1636.6016  ANGLE   =     1038.5954  DIHED      =       81.4222
 VDWAALS =     5769.5817  EEL     =   -43579.6092  HBOND      =        0.0000
 1-4 VDW =       -1.3021  1-4 EEL =    -1534.2247  RESTRAINT  =        0.0000


   NSTEP       ENERGY          RMS            GMAX         NAME    NUMBER
   3150      -3.6591E+04     1.1791E-01     7.4915E+00     C1          1

 BOND    =     1639.0148  ANGLE   =     1039.7130  DIHED      =       81.4111
 VDWAALS =     5766.3277  EEL     =   -43582.2234  HBOND      =        0.0000
 1-4 VDW =       -1.3018  1-4 EEL =    -1534.1231  RESTRAINT  =        0.0000


   NSTEP       ENERGY          RMS            GMAX         NAME    NUMBER
   3200      -3.6592E+04     4.9836E-02     3.6384E+00     C1          1

 BOND    =     1633.0572  ANGLE   =     1038.0800  DIHED      =       81.4327
 VDWAALS =     5766.1133  EEL     =   -43575.6545  HBOND      =        0.0000
 1-4 VDW =       -1.3019  1-4 EEL =    -1534.1525  RESTRAINT  =        0.0000


   NSTEP       ENERGY          RMS            GMAX         NAME    NUMBER
   3250      -3.6593E+04     2.9841E-01     1.1914E+01     N1         75

 BOND    =     1621.2748  ANGLE   =     1034.7317  DIHED      =       81.4291
 VDWAALS =     5765.1122  EEL     =   -43560.0709  HBOND      =        0.0000
 1-4 VDW =       -1.3025  1-4 EEL =    -1534.3334  RESTRAINT  =        0.0000


   NSTEP       ENERGY          RMS            GMAX         NAME    NUMBER
   3300      -3.6595E+04     6.2931E-02     3.8680E+00     C1          1

 BOND    =     1633.9664  ANGLE   =     1038.1212  DIHED      =       81.4317
 VDWAALS =     5765.1884  EEL     =   -43577.6927  HBOND      =        0.0000
 1-4 VDW =       -1.3020  1-4 EEL =    -1534.2527  RESTRAINT  =        0.0000


   NSTEP       ENERGY          RMS            GMAX         NAME    NUMBER
   3350      -3.6594E+04     5.5397E-01     3.8489E+01     C1          1

 BOND    =     1634.4677  ANGLE   =     1037.9165  DIHED      =       81.4434
 VDWAALS =     5765.3416  EEL     =   -43578.6071  HBOND      =        0.0000
 1-4 VDW =       -1.3005  1-4 EEL =    -1533.5241  RESTRAINT  =        0.0000


   NSTEP       ENERGY          RMS            GMAX         NAME    NUMBER
   3400      -3.6599E+04     1.1880E-01     5.7413E+00     C1          1

 BOND    =     1634.4112  ANGLE   =     1039.0504  DIHED      =       81.4413
 VDWAALS =     5767.8385  EEL     =   -43585.8349  HBOND      =        0.0000
 1-4 VDW =       -1.3023  1-4 EEL =    -1534.2739  RESTRAINT  =        0.0000


   NSTEP       ENERGY          RMS            GMAX         NAME    NUMBER
   3450      -3.6601E+04     5.4790E-02     1.6705E+00     O1         34

 BOND    =     1634.2282  ANGLE   =     1038.6910  DIHED      =       81.4444
 VDWAALS =     5767.1658  EEL     =   -43586.6556  HBOND      =        0.0000
 1-4 VDW =       -1.3021  1-4 EEL =    -1534.1974  RESTRAINT  =        0.0000

     ... RESTARTED DUE TO LINMIN FAILURE ...


   NSTEP       ENERGY          RMS            GMAX         NAME    NUMBER
   3500      -3.6601E+04     7.1269E-02     4.0404E+00     C1          1

 BOND    =     1634.0260  ANGLE   =     1038.8619  DIHED      =       81.4440
 VDWAALS =     5767.5007  EEL     =   -43587.7585  HBOND      =        0.0000
 1-4 VDW =       -1.3017  1-4 EEL =    -1534.0224  RESTRAINT  =        0.0000


   NSTEP       ENERGY          RMS            GMAX         NAME    NUMBER
   3550      -3.6603E+04     1.9689E-02     5.3360E-01     H2A         8

 BOND    =     1634.3411  ANGLE   =     1038.9674  DIHED      =       81.4430
 VDWAALS =     5768.4427  EEL     =   -43590.4213  HBOND      =        0.0000
 1-4 VDW =       -1.3019  1-4 EEL =    -1534.1459  RESTRAINT  =        0.0000


   NSTEP       ENERGY          RMS            GMAX         NAME    NUMBER
   3600      -3.6605E+04     8.7635E-02     3.3531E+00     O        6449

 BOND    =     1635.6460  ANGLE   =     1039.3957  DIHED      =       81.4694
 VDWAALS =     5769.2325  EEL     =   -43595.2402  HBOND      =        0.0000
 1-4 VDW =       -1.3021  1-4 EEL =    -1534.2540  RESTRAINT  =        0.0000


   NSTEP       ENERGY          RMS            GMAX         NAME    NUMBER
   3650      -3.6607E+04     3.3126E-02     1.2275E+00     O1          2

 BOND    =     1634.7590  ANGLE   =     1039.7758  DIHED      =       81.4399
 VDWAALS =     5769.2901  EEL     =   -43596.5614  HBOND      =        0.0000
 1-4 VDW =       -1.3019  1-4 EEL =    -1534.1218  RESTRAINT  =        0.0000


   NSTEP       ENERGY          RMS            GMAX         NAME    NUMBER
   3700      -3.6607E+04     2.5969E-02     9.0173E-01     C1         73

 BOND    =     1635.1891  ANGLE   =     1039.8859  DIHED      =       81.4402
 VDWAALS =     5769.3609  EEL     =   -43597.5106  HBOND      =        0.0000
 1-4 VDW =       -1.3020  1-4 EEL =    -1534.1506  RESTRAINT  =        0.0000


   NSTEP       ENERGY          RMS            GMAX         NAME    NUMBER
   3750      -3.6608E+04     5.3645E-02     2.8687E+00     C1          1

 BOND    =     1634.5456  ANGLE   =     1040.1319  DIHED      =       81.4491
 VDWAALS =     5769.2238  EEL     =   -43598.1933  HBOND      =        0.0000
 1-4 VDW =       -1.3020  1-4 EEL =    -1534.1690  RESTRAINT  =        0.0000


   NSTEP       ENERGY          RMS            GMAX         NAME    NUMBER
   3800      -3.6609E+04     5.7094E-02     3.6622E+00     C1         73

 BOND    =     1634.4538  ANGLE   =     1039.9644  DIHED      =       81.4366
 VDWAALS =     5769.0619  EEL     =   -43598.1566  HBOND      =        0.0000
 1-4 VDW =       -1.3019  1-4 EEL =    -1534.1493  RESTRAINT  =        0.0000


   NSTEP       ENERGY          RMS            GMAX         NAME    NUMBER
   3850      -3.6609E+04     3.3402E-02     1.7632E+00     C1         73

 BOND    =     1634.3896  ANGLE   =     1039.9951  DIHED      =       81.4418
 VDWAALS =     5769.0251  EEL     =   -43598.1491  HBOND      =        0.0000
 1-4 VDW =       -1.3020  1-4 EEL =    -1534.1862  RESTRAINT  =        0.0000


   NSTEP       ENERGY          RMS            GMAX         NAME    NUMBER
   3900      -3.6610E+04     3.9993E-02     1.8259E+00     O        5705

 BOND    =     1634.8318  ANGLE   =     1040.0517  DIHED      =       81.4390
 VDWAALS =     5768.4563  EEL     =   -43599.6850  HBOND      =        0.0000
 1-4 VDW =       -1.3020  1-4 EEL =    -1534.1996  RESTRAINT  =        0.0000


   NSTEP       ENERGY          RMS            GMAX         NAME    NUMBER
   3950      -3.6611E+04     1.3114E-02     4.8720E-01     O        5705

 BOND    =     1634.4757  ANGLE   =     1039.9259  DIHED      =       81.4343
 VDWAALS =     5768.3712  EEL     =   -43599.2403  HBOND      =        0.0000
 1-4 VDW =       -1.3019  1-4 EEL =    -1534.1866  RESTRAINT  =        0.0000


   NSTEP       ENERGY          RMS            GMAX         NAME    NUMBER
   4000      -3.6611E+04     1.6793E-02     7.9093E-01     H2          5

 BOND    =     1634.2923  ANGLE   =     1040.2992  DIHED      =       81.4306
 VDWAALS =     5767.7625  EEL     =   -43599.4584  HBOND      =        0.0000
 1-4 VDW =       -1.3018  1-4 EEL =    -1534.1748  RESTRAINT  =        0.0000


   NSTEP       ENERGY          RMS            GMAX         NAME    NUMBER
   4050      -3.6611E+04     5.8799E-02     3.0180E+00     H2          5

 BOND    =     1634.2999  ANGLE   =     1040.4507  DIHED      =       81.4434
 VDWAALS =     5767.9296  EEL     =   -43600.0342  HBOND      =        0.0000
 1-4 VDW =       -1.3018  1-4 EEL =    -1534.1443  RESTRAINT  =        0.0000


   NSTEP       ENERGY          RMS            GMAX         NAME    NUMBER
   4100      -3.6612E+04     3.0128E-02     2.0924E+00     C1         73

 BOND    =     1634.5785  ANGLE   =     1040.3218  DIHED      =       81.4304
 VDWAALS =     5767.4422  EEL     =   -43599.9355  HBOND      =        0.0000
 1-4 VDW =       -1.3019  1-4 EEL =    -1534.2009  RESTRAINT  =        0.0000


   NSTEP       ENERGY          RMS            GMAX         NAME    NUMBER
   4150      -3.6612E+04     1.4215E-02     1.0079E+00     C1         73

 BOND    =     1634.3486  ANGLE   =     1040.2811  DIHED      =       81.4336
 VDWAALS =     5767.2999  EEL     =   -43599.6510  HBOND      =        0.0000
 1-4 VDW =       -1.3018  1-4 EEL =    -1534.1884  RESTRAINT  =        0.0000


   NSTEP       ENERGY          RMS            GMAX         NAME    NUMBER
   4200      -3.6612E+04     1.8250E-02     5.2635E-01     C1         65

 BOND    =     1634.7427  ANGLE   =     1040.4715  DIHED      =       81.4347
 VDWAALS =     5766.7039  EEL     =   -43600.0778  HBOND      =        0.0000
 1-4 VDW =       -1.3018  1-4 EEL =    -1534.2020  RESTRAINT  =        0.0000


   NSTEP       ENERGY          RMS            GMAX         NAME    NUMBER
   4250      -3.6612E+04     2.3666E-02     2.0331E+00     C1         65

 BOND    =     1634.2718  ANGLE   =     1040.3493  DIHED      =       81.4322
 VDWAALS =     5766.7560  EEL     =   -43599.5490  HBOND      =        0.0000
 1-4 VDW =       -1.3019  1-4 EEL =    -1534.2218  RESTRAINT  =        0.0000


   NSTEP       ENERGY          RMS            GMAX         NAME    NUMBER
   4300      -3.6613E+04     4.7931E-02     2.1040E+00     O        5705

 BOND    =     1634.1062  ANGLE   =     1040.5101  DIHED      =       81.4351
 VDWAALS =     5764.2092  EEL     =   -43598.2574  HBOND      =        0.0000
 1-4 VDW =       -1.3017  1-4 EEL =    -1534.1939  RESTRAINT  =        0.0000


   NSTEP       ENERGY          RMS            GMAX         NAME    NUMBER
   4350      -3.6614E+04     3.3631E-02     2.3359E+00     C1         73

 BOND    =     1633.8394  ANGLE   =     1040.4755  DIHED      =       81.4441
 VDWAALS =     5765.3780  EEL     =   -43599.7987  HBOND      =        0.0000
 1-4 VDW =       -1.3015  1-4 EEL =    -1534.1286  RESTRAINT  =        0.0000


   NSTEP       ENERGY          RMS            GMAX         NAME    NUMBER
   4400      -3.6614E+04     5.6966E-02     4.0600E+00     C1         73

 BOND    =     1634.4072  ANGLE   =     1040.3525  DIHED      =       81.4432
 VDWAALS =     5765.1702  EEL     =   -43600.1315  HBOND      =        0.0000
 1-4 VDW =       -1.3018  1-4 EEL =    -1534.2395  RESTRAINT  =        0.0000


   NSTEP       ENERGY          RMS            GMAX         NAME    NUMBER
   4450      -3.6614E+04     1.3350E-02     6.4950E-01     H1       5110

 BOND    =     1634.2494  ANGLE   =     1040.3870  DIHED      =       81.4478
 VDWAALS =     5765.3566  EEL     =   -43600.3018  HBOND      =        0.0000
 1-4 VDW =       -1.3018  1-4 EEL =    -1534.2436  RESTRAINT  =        0.0000


   NSTEP       ENERGY          RMS            GMAX         NAME    NUMBER
   4500      -3.6617E+04     3.7648E-02     2.3412E+00     C1         33

 BOND    =     1634.1003  ANGLE   =     1040.7970  DIHED      =       81.5698
 VDWAALS =     5763.7064  EEL     =   -43601.0988  HBOND      =        0.0000
 1-4 VDW =       -1.3019  1-4 EEL =    -1534.4007  RESTRAINT  =        0.0000


   NSTEP       ENERGY          RMS            GMAX         NAME    NUMBER
   4550      -3.6617E+04     1.2549E-02     6.9274E-01     H1       3052

 BOND    =     1633.9657  ANGLE   =     1040.9093  DIHED      =       81.5261
 VDWAALS =     5763.6164  EEL     =   -43601.2760  HBOND      =        0.0000
 1-4 VDW =       -1.3018  1-4 EEL =    -1534.3240  RESTRAINT  =        0.0000


   NSTEP       ENERGY          RMS            GMAX         NAME    NUMBER
   4600      -3.6618E+04     2.7103E-02     1.6245E+00     C1         65

 BOND    =     1634.0562  ANGLE   =     1040.9570  DIHED      =       81.5490
 VDWAALS =     5764.2744  EEL     =   -43602.6943  HBOND      =        0.0000
 1-4 VDW =       -1.3019  1-4 EEL =    -1534.3423  RESTRAINT  =        0.0000


   NSTEP       ENERGY          RMS            GMAX         NAME    NUMBER
   4650      -3.6618E+04     4.2332E-02     2.5803E+00     C1         65

 BOND    =     1634.1618  ANGLE   =     1040.9864  DIHED      =       81.5681
 VDWAALS =     5764.3676  EEL     =   -43603.3802  HBOND      =        0.0000
 1-4 VDW =       -1.3021  1-4 EEL =    -1534.3786  RESTRAINT  =        0.0000


   NSTEP       ENERGY          RMS            GMAX         NAME    NUMBER
   4700      -3.6618E+04     1.1425E-02     5.2014E-01     C1         65

 BOND    =     1634.1229  ANGLE   =     1040.9728  DIHED      =       81.5839
 VDWAALS =     5764.5793  EEL     =   -43603.7406  HBOND      =        0.0000
 1-4 VDW =       -1.3019  1-4 EEL =    -1534.4231  RESTRAINT  =        0.0000


   NSTEP       ENERGY          RMS            GMAX         NAME    NUMBER
   4750      -3.6618E+04     1.4154E-02     3.5551E-01     H         339

 BOND    =     1634.1231  ANGLE   =     1040.8871  DIHED      =       81.5855
 VDWAALS =     5764.4366  EEL     =   -43603.5466  HBOND      =        0.0000
 1-4 VDW =       -1.3020  1-4 EEL =    -1534.4164  RESTRAINT  =        0.0000


   NSTEP       ENERGY          RMS            GMAX         NAME    NUMBER
   4800      -3.6618E+04     1.6180E-02     7.3813E-01     O1         34

 BOND    =     1634.0011  ANGLE   =     1041.0553  DIHED      =       81.5874
 VDWAALS =     5764.3492  EEL     =   -43603.6274  HBOND      =        0.0000
 1-4 VDW =       -1.3019  1-4 EEL =    -1534.3790  RESTRAINT  =        0.0000


   NSTEP       ENERGY          RMS            GMAX         NAME    NUMBER
   4850      -3.6619E+04     1.2390E-01     7.8013E+00     C1          1

 BOND    =     1635.2571  ANGLE   =     1041.1422  DIHED      =       81.5916
 VDWAALS =     5763.7211  EEL     =   -43604.7118  HBOND      =        0.0000
 1-4 VDW =       -1.3020  1-4 EEL =    -1534.5774  RESTRAINT  =        0.0000


   NSTEP       ENERGY          RMS            GMAX         NAME    NUMBER
   4900      -3.6619E+04     3.3734E-02     1.5935E+00     C1          1

 BOND    =     1634.2751  ANGLE   =     1041.0358  DIHED      =       81.5959
 VDWAALS =     5763.1324  EEL     =   -43603.7317  HBOND      =        0.0000
 1-4 VDW =       -1.3020  1-4 EEL =    -1534.3797  RESTRAINT  =        0.0000


   NSTEP       ENERGY          RMS            GMAX         NAME    NUMBER
   4950      -3.6620E+04     2.1758E-02     1.2252E+00     H1       6511

 BOND    =     1633.7688  ANGLE   =     1041.0176  DIHED      =       81.5845
 VDWAALS =     5762.8008  EEL     =   -43603.2266  HBOND      =        0.0000
 1-4 VDW =       -1.3021  1-4 EEL =    -1534.4432  RESTRAINT  =        0.0000


   NSTEP       ENERGY          RMS            GMAX         NAME    NUMBER
   5000      -3.6621E+04     7.8676E-02     3.0202E+00     C1         65

 BOND    =     1634.1192  ANGLE   =     1040.4888  DIHED      =       81.5347
 VDWAALS =     5759.8273  EEL     =   -43601.5678  HBOND      =        0.0000
 1-4 VDW =       -1.3021  1-4 EEL =    -1534.3803  RESTRAINT  =        0.0000


   NSTEP       ENERGY          RMS            GMAX         NAME    NUMBER
   5050      -3.6622E+04     5.6091E-02     1.9833E+00     H1       6511

 BOND    =     1634.6540  ANGLE   =     1040.8072  DIHED      =       81.5747
 VDWAALS =     5760.0182  EEL     =   -43603.6679  HBOND      =        0.0000
 1-4 VDW =       -1.3021  1-4 EEL =    -1534.4119  RESTRAINT  =        0.0000


   NSTEP       ENERGY          RMS            GMAX         NAME    NUMBER
   5100      -3.6623E+04     2.0590E-02     8.3263E-01     O         617

 BOND    =     1634.0351  ANGLE   =     1040.6984  DIHED      =       81.5744
 VDWAALS =     5760.3493  EEL     =   -43603.4965  HBOND      =        0.0000
 1-4 VDW =       -1.3021  1-4 EEL =    -1534.4208  RESTRAINT  =        0.0000

     ... RESTARTED DUE TO LINMIN FAILURE ...


   NSTEP       ENERGY          RMS            GMAX         NAME    NUMBER
   5150      -3.6623E+04     1.7077E-02     1.0179E+00     C1         33

 BOND    =     1634.0683  ANGLE   =     1040.9297  DIHED      =       81.5791
 VDWAALS =     5760.3834  EEL     =   -43603.8261  HBOND      =        0.0000
 1-4 VDW =       -1.3021  1-4 EEL =    -1534.4398  RESTRAINT  =        0.0000


   NSTEP       ENERGY          RMS            GMAX         NAME    NUMBER
   5200      -3.6627E+04     5.4900E-02     1.4658E+00     N1          3

 BOND    =     1633.0159  ANGLE   =     1040.3136  DIHED      =       81.5584
 VDWAALS =     5758.8138  EEL     =   -43604.8650  HBOND      =        0.0000
 1-4 VDW =       -1.3021  1-4 EEL =    -1534.3995  RESTRAINT  =        0.0000


   NSTEP       ENERGY          RMS            GMAX         NAME    NUMBER
   5250      -3.6628E+04     3.0346E-02     1.5113E+00     N1          3

 BOND    =     1634.3755  ANGLE   =     1040.5319  DIHED      =       81.5574
 VDWAALS =     5758.7308  EEL     =   -43606.9588  HBOND      =        0.0000
 1-4 VDW =       -1.3022  1-4 EEL =    -1534.4487  RESTRAINT  =        0.0000


   NSTEP       ENERGY          RMS            GMAX         NAME    NUMBER
   5300      -3.6629E+04     2.8379E-02     8.7120E-01     N1          3

 BOND    =     1633.9561  ANGLE   =     1040.6079  DIHED      =       81.5460
 VDWAALS =     5758.0154  EEL     =   -43607.6615  HBOND      =        0.0000
 1-4 VDW =       -1.3021  1-4 EEL =    -1534.4651  RESTRAINT  =        0.0000


   NSTEP       ENERGY          RMS            GMAX         NAME    NUMBER
   5350      -3.6630E+04     7.3214E-02     4.0544E+00     C1         65

 BOND    =     1634.8329  ANGLE   =     1040.1502  DIHED      =       81.5214
 VDWAALS =     5757.5365  EEL     =   -43608.4401  HBOND      =        0.0000
 1-4 VDW =       -1.3022  1-4 EEL =    -1534.4074  RESTRAINT  =        0.0000


   NSTEP       ENERGY          RMS            GMAX         NAME    NUMBER
   5400      -3.6631E+04     3.7809E-02     2.4289E+00     N1         67

 BOND    =     1634.0592  ANGLE   =     1040.6844  DIHED      =       81.5406
 VDWAALS =     5757.6008  EEL     =   -43608.6987  HBOND      =        0.0000
 1-4 VDW =       -1.3021  1-4 EEL =    -1534.4163  RESTRAINT  =        0.0000


   NSTEP       ENERGY          RMS            GMAX         NAME    NUMBER
   5450      -3.6631E+04     1.5625E-02     8.9522E-01     N1          3

 BOND    =     1634.1919  ANGLE   =     1040.4831  DIHED      =       81.5404
 VDWAALS =     5757.7470  EEL     =   -43608.7939  HBOND      =        0.0000
 1-4 VDW =       -1.3021  1-4 EEL =    -1534.4854  RESTRAINT  =        0.0000


   NSTEP       ENERGY          RMS            GMAX         NAME    NUMBER
   5500      -3.6631E+04     2.6942E-02     7.4288E-01     O        6302

 BOND    =     1634.7307  ANGLE   =     1040.4522  DIHED      =       81.5152
 VDWAALS =     5758.9460  EEL     =   -43611.2522  HBOND      =        0.0000
 1-4 VDW =       -1.3021  1-4 EEL =    -1534.4596  RESTRAINT  =        0.0000


   NSTEP       ENERGY          RMS            GMAX         NAME    NUMBER
   5550      -3.6632E+04     3.4839E-02     1.3137E+00     N1         67

 BOND    =     1633.9717  ANGLE   =     1040.1611  DIHED      =       81.5258
 VDWAALS =     5758.4764  EEL     =   -43610.1671  HBOND      =        0.0000
 1-4 VDW =       -1.3020  1-4 EEL =    -1534.4629  RESTRAINT  =        0.0000


   NSTEP       ENERGY          RMS            GMAX         NAME    NUMBER
   5600      -3.6632E+04     2.1314E-02     1.5837E+00     C1         33

 BOND    =     1634.3232  ANGLE   =     1040.4115  DIHED      =       81.5218
 VDWAALS =     5758.4101  EEL     =   -43610.7355  HBOND      =        0.0000
 1-4 VDW =       -1.3021  1-4 EEL =    -1534.4850  RESTRAINT  =        0.0000


   NSTEP       ENERGY          RMS            GMAX         NAME    NUMBER
   5650      -3.6632E+04     2.2548E-01     1.5220E+01     N1         67

 BOND    =     1635.5989  ANGLE   =     1040.7198  DIHED      =       81.4985
 VDWAALS =     5757.0322  EEL     =   -43611.0546  HBOND      =        0.0000
 1-4 VDW =       -1.3018  1-4 EEL =    -1534.3823  RESTRAINT  =        0.0000


   NSTEP       ENERGY          RMS            GMAX         NAME    NUMBER
   5700      -3.6633E+04     1.9741E-02     9.3840E-01     O        1802

 BOND    =     1634.3689  ANGLE   =     1040.4152  DIHED      =       81.5007
 VDWAALS =     5758.3633  EEL     =   -43611.9704  HBOND      =        0.0000
 1-4 VDW =       -1.3019  1-4 EEL =    -1534.4420  RESTRAINT  =        0.0000


   NSTEP       ENERGY          RMS            GMAX         NAME    NUMBER
   5750      -3.6634E+04     2.0833E-02     7.6819E-01     H        1800

 BOND    =     1634.6512  ANGLE   =     1040.4306  DIHED      =       81.5003
 VDWAALS =     5760.2990  EEL     =   -43614.7364  HBOND      =        0.0000
 1-4 VDW =       -1.3020  1-4 EEL =    -1534.4929  RESTRAINT  =        0.0000


   NSTEP       ENERGY          RMS            GMAX         NAME    NUMBER
   5800      -3.6634E+04     3.7095E-02     2.2087E+00     C1         65

 BOND    =     1634.4280  ANGLE   =     1040.6780  DIHED      =       81.4994
 VDWAALS =     5760.8619  EEL     =   -43615.7709  HBOND      =        0.0000
 1-4 VDW =       -1.3019  1-4 EEL =    -1534.4982  RESTRAINT  =        0.0000


   NSTEP       ENERGY          RMS            GMAX         NAME    NUMBER
   5850      -3.6635E+04     4.1254E-02     1.3972E+00     H1       9187

 BOND    =     1634.8300  ANGLE   =     1040.1633  DIHED      =       81.4987
 VDWAALS =     5761.0436  EEL     =   -43616.4521  HBOND      =        0.0000
 1-4 VDW =       -1.3019  1-4 EEL =    -1534.5195  RESTRAINT  =        0.0000


   NSTEP       ENERGY          RMS            GMAX         NAME    NUMBER
   5900      -3.6637E+04     4.9034E-02     2.9307E+00     C1         65

 BOND    =     1634.6006  ANGLE   =     1040.4316  DIHED      =       81.4995
 VDWAALS =     5761.5256  EEL     =   -43619.3947  HBOND      =        0.0000
 1-4 VDW =       -1.3015  1-4 EEL =    -1534.3084  RESTRAINT  =        0.0000


   NSTEP       ENERGY          RMS            GMAX         NAME    NUMBER
   5950      -3.6638E+04     4.2300E-02     3.0009E+00     C1         33

 BOND    =     1635.7781  ANGLE   =     1040.6773  DIHED      =       81.4783
 VDWAALS =     5763.2676  EEL     =   -43623.0849  HBOND      =        0.0000
 1-4 VDW =       -1.3016  1-4 EEL =    -1534.3662  RESTRAINT  =        0.0000


   NSTEP       ENERGY          RMS            GMAX         NAME    NUMBER
   6000      -3.6638E+04     1.3535E-02     8.2726E-01     C1         41

 BOND    =     1635.1811  ANGLE   =     1040.5082  DIHED      =       81.4792
 VDWAALS =     5763.4819  EEL     =   -43622.6416  HBOND      =        0.0000
 1-4 VDW =       -1.3018  1-4 EEL =    -1534.4100  RESTRAINT  =        0.0000


   NSTEP       ENERGY          RMS            GMAX         NAME    NUMBER
   6050      -3.6638E+04     1.0308E-02     3.6709E-01     H2         37

 BOND    =     1635.1779  ANGLE   =     1040.4817  DIHED      =       81.4746
 VDWAALS =     5764.6764  EEL     =   -43624.1073  HBOND      =        0.0000
 1-4 VDW =       -1.3018  1-4 EEL =    -1534.3877  RESTRAINT  =        0.0000


   NSTEP       ENERGY          RMS            GMAX         NAME    NUMBER
   6100      -3.6638E+04     1.2588E-02     3.8009E-01     O1         34

 BOND    =     1635.4295  ANGLE   =     1040.4999  DIHED      =       81.4779
 VDWAALS =     5765.2519  EEL     =   -43625.0927  HBOND      =        0.0000
 1-4 VDW =       -1.3017  1-4 EEL =    -1534.4081  RESTRAINT  =        0.0000


   NSTEP       ENERGY          RMS            GMAX         NAME    NUMBER
   6150      -3.6640E+04     2.5038E-02     1.5608E+00     C1         33

 BOND    =     1636.6012  ANGLE   =     1040.3879  DIHED      =       81.4616
 VDWAALS =     5772.7856  EEL     =   -43635.3880  HBOND      =        0.0000
 1-4 VDW =       -1.3017  1-4 EEL =    -1534.4697  RESTRAINT  =        0.0000


   NSTEP       ENERGY          RMS            GMAX         NAME    NUMBER
   6200      -3.6640E+04     3.5638E-02     1.4228E+00     H1       6067

 BOND    =     1636.2302  ANGLE   =     1040.6997  DIHED      =       81.4818
 VDWAALS =     5773.5633  EEL     =   -43636.6112  HBOND      =        0.0000
 1-4 VDW =       -1.3016  1-4 EEL =    -1534.5172  RESTRAINT  =        0.0000


   NSTEP       ENERGY          RMS            GMAX         NAME    NUMBER
   6250      -3.6641E+04     9.3361E-02     4.6111E+00     O1         34

 BOND    =     1637.4613  ANGLE   =     1040.2335  DIHED      =       81.4957
 VDWAALS =     5774.3250  EEL     =   -43638.9126  HBOND      =        0.0000
 1-4 VDW =       -1.3015  1-4 EEL =    -1534.5228  RESTRAINT  =        0.0000


   NSTEP       ENERGY          RMS            GMAX         NAME    NUMBER
   6300      -3.6642E+04     1.2960E-02     6.6830E-01     C1         33

 BOND    =     1636.5102  ANGLE   =     1040.2800  DIHED      =       81.4722
 VDWAALS =     5774.1894  EEL     =   -43638.4099  HBOND      =        0.0000
 1-4 VDW =       -1.3019  1-4 EEL =    -1534.4908  RESTRAINT  =        0.0000


   NSTEP       ENERGY          RMS            GMAX         NAME    NUMBER
   6350      -3.6643E+04     2.7271E-02     1.1537E+00     O1         66

 BOND    =     1637.1373  ANGLE   =     1040.0944  DIHED      =       81.4900
 VDWAALS =     5778.0267  EEL     =   -43644.1748  HBOND      =        0.0000
 1-4 VDW =       -1.3020  1-4 EEL =    -1534.5872  RESTRAINT  =        0.0000


   NSTEP       ENERGY          RMS            GMAX         NAME    NUMBER
   6400      -3.6644E+04     2.4984E-02     1.3597E+00     C1         33

 BOND    =     1637.1312  ANGLE   =     1040.2415  DIHED      =       81.4932
 VDWAALS =     5779.0071  EEL     =   -43645.5835  HBOND      =        0.0000
 1-4 VDW =       -1.3018  1-4 EEL =    -1534.5474  RESTRAINT  =        0.0000


   NSTEP       ENERGY          RMS            GMAX         NAME    NUMBER
   6450      -3.6647E+04     7.6572E-02     2.6655E+00     C1         49

 BOND    =     1638.8290  ANGLE   =     1040.3412  DIHED      =       81.5719
 VDWAALS =     5787.3873  EEL     =   -43658.8013  HBOND      =        0.0000
 1-4 VDW =       -1.3022  1-4 EEL =    -1534.6721  RESTRAINT  =        0.0000


   NSTEP       ENERGY          RMS            GMAX         NAME    NUMBER
   6500      -3.6648E+04     6.2832E-02     3.2803E+00     C1         49

 BOND    =     1638.0986  ANGLE   =     1040.8775  DIHED      =       81.5574
 VDWAALS =     5786.8004  EEL     =   -43659.7117  HBOND      =        0.0000
 1-4 VDW =       -1.3021  1-4 EEL =    -1534.6632  RESTRAINT  =        0.0000


   NSTEP       ENERGY          RMS            GMAX         NAME    NUMBER
   6550      -3.6649E+04     3.8052E-02     1.5667E+00     C1         49

 BOND    =     1638.1535  ANGLE   =     1040.8681  DIHED      =       81.5619
 VDWAALS =     5787.1182  EEL     =   -43660.7344  HBOND      =        0.0000
 1-4 VDW =       -1.3020  1-4 EEL =    -1534.6225  RESTRAINT  =        0.0000


   NSTEP       ENERGY          RMS            GMAX         NAME    NUMBER
   6600      -3.6649E+04     3.8714E-02     2.1819E+00     C1         49

 BOND    =     1638.1465  ANGLE   =     1041.0956  DIHED      =       81.5621
 VDWAALS =     5787.4407  EEL     =   -43661.5844  HBOND      =        0.0000
 1-4 VDW =       -1.3021  1-4 EEL =    -1534.6856  RESTRAINT  =        0.0000


   NSTEP       ENERGY          RMS            GMAX         NAME    NUMBER
   6650      -3.6651E+04     1.5662E-01     7.6338E+00     O1         66

 BOND    =     1639.7009  ANGLE   =     1041.2924  DIHED      =       81.5521
 VDWAALS =     5789.1406  EEL     =   -43666.3911  HBOND      =        0.0000
 1-4 VDW =       -1.3021  1-4 EEL =    -1534.5965  RESTRAINT  =        0.0000


   NSTEP       ENERGY          RMS            GMAX         NAME    NUMBER
   6700      -3.6653E+04     1.2669E-01     5.6624E+00     N1A        38

 BOND    =     1638.0540  ANGLE   =     1041.3693  DIHED      =       81.5596
 VDWAALS =     5789.9609  EEL     =   -43668.1429  HBOND      =        0.0000
 1-4 VDW =       -1.3018  1-4 EEL =    -1534.4945  RESTRAINT  =        0.0000


   NSTEP       ENERGY          RMS            GMAX         NAME    NUMBER
   6750      -3.6655E+04     6.9056E-02     3.6424E+00     N1         35

 BOND    =     1637.9570  ANGLE   =     1041.2073  DIHED      =       81.5750
 VDWAALS =     5790.6299  EEL     =   -43670.2280  HBOND      =        0.0000
 1-4 VDW =       -1.3020  1-4 EEL =    -1534.6263  RESTRAINT  =        0.0000


   NSTEP       ENERGY          RMS            GMAX         NAME    NUMBER
   6800      -3.6655E+04     6.2386E-02     3.5735E+00     O1         34

 BOND    =     1637.6942  ANGLE   =     1041.2047  DIHED      =       81.5828
 VDWAALS =     5791.2390  EEL     =   -43670.9452  HBOND      =        0.0000
 1-4 VDW =       -1.3022  1-4 EEL =    -1534.7894  RESTRAINT  =        0.0000


   NSTEP       ENERGY          RMS            GMAX         NAME    NUMBER
   6850      -3.6658E+04     6.7592E-02     3.2455E+00     O        1400

 BOND    =     1638.0664  ANGLE   =     1041.1583  DIHED      =       81.5934
 VDWAALS =     5793.1880  EEL     =   -43676.0754  HBOND      =        0.0000
 1-4 VDW =       -1.3020  1-4 EEL =    -1534.6191  RESTRAINT  =        0.0000


   NSTEP       ENERGY          RMS            GMAX         NAME    NUMBER
   6900      -3.6659E+04     5.2464E-02     4.3031E+00     C1         33

 BOND    =     1638.5582  ANGLE   =     1041.5311  DIHED      =       81.6034
 VDWAALS =     5793.6978  EEL     =   -43678.2630  HBOND      =        0.0000
 1-4 VDW =       -1.3016  1-4 EEL =    -1534.5444  RESTRAINT  =        0.0000


   NSTEP       ENERGY          RMS            GMAX         NAME    NUMBER
   6950      -3.6660E+04     3.2242E-02     1.0327E+00     O        1400

 BOND    =     1638.3157  ANGLE   =     1041.5851  DIHED      =       81.6014
 VDWAALS =     5794.4622  EEL     =   -43679.9859  HBOND      =        0.0000
 1-4 VDW =       -1.3018  1-4 EEL =    -1534.6602  RESTRAINT  =        0.0000


   NSTEP       ENERGY          RMS            GMAX         NAME    NUMBER
   7000      -3.6661E+04     3.3034E-02     1.8011E+00     N1A        38

 BOND    =     1639.7477  ANGLE   =     1041.8326  DIHED      =       81.6178
 VDWAALS =     5795.5543  EEL     =   -43683.7723  HBOND      =        0.0000
 1-4 VDW =       -1.3020  1-4 EEL =    -1534.7685  RESTRAINT  =        0.0000


   NSTEP       ENERGY          RMS            GMAX         NAME    NUMBER
   7050      -3.6661E+04     3.2485E-02     1.8492E+00     N1A        38

 BOND    =     1639.4281  ANGLE   =     1041.6827  DIHED      =       81.6088
 VDWAALS =     5795.7328  EEL     =   -43683.7168  HBOND      =        0.0000
 1-4 VDW =       -1.3020  1-4 EEL =    -1534.7263  RESTRAINT  =        0.0000


   NSTEP       ENERGY          RMS            GMAX         NAME    NUMBER
   7100      -3.6663E+04     2.7485E-02     1.2367E+00     C1         33

 BOND    =     1639.8700  ANGLE   =     1041.9070  DIHED      =       81.6220
 VDWAALS =     5797.8693  EEL     =   -43688.4414  HBOND      =        0.0000
 1-4 VDW =       -1.3020  1-4 EEL =    -1534.7384  RESTRAINT  =        0.0000


   NSTEP       ENERGY          RMS            GMAX         NAME    NUMBER
   7150      -3.6664E+04     1.4398E-02     5.6587E-01     O1         34

 BOND    =     1639.6899  ANGLE   =     1041.9852  DIHED      =       81.6216
 VDWAALS =     5798.3960  EEL     =   -43689.3622  HBOND      =        0.0000
 1-4 VDW =       -1.3019  1-4 EEL =    -1534.6646  RESTRAINT  =        0.0000


   NSTEP       ENERGY          RMS            GMAX         NAME    NUMBER
   7200      -3.6664E+04     3.4729E-02     2.7418E+00     C1         33

 BOND    =     1639.6539  ANGLE   =     1041.9341  DIHED      =       81.6070
 VDWAALS =     5798.9313  EEL     =   -43690.6467  HBOND      =        0.0000
 1-4 VDW =       -1.3017  1-4 EEL =    -1534.5644  RESTRAINT  =        0.0000


   NSTEP       ENERGY          RMS            GMAX         NAME    NUMBER
   7250      -3.6665E+04     2.9221E-02     1.8354E+00     C1         65

 BOND    =     1639.8530  ANGLE   =     1041.8700  DIHED      =       81.6095
 VDWAALS =     5799.3094  EEL     =   -43691.4526  HBOND      =        0.0000
 1-4 VDW =       -1.3018  1-4 EEL =    -1534.6021  RESTRAINT  =        0.0000


   NSTEP       ENERGY          RMS            GMAX         NAME    NUMBER
   7300      -3.6666E+04     1.0443E-01     5.9467E+00     N1A        38

 BOND    =     1639.3116  ANGLE   =     1040.3350  DIHED      =       81.6485
 VDWAALS =     5797.9605  EEL     =   -43689.6933  HBOND      =        0.0000
 1-4 VDW =       -1.3016  1-4 EEL =    -1534.6616  RESTRAINT  =        0.0000


   NSTEP       ENERGY          RMS            GMAX         NAME    NUMBER
   7350      -3.6668E+04     7.1569E-02     4.9499E+00     C1         33

 BOND    =     1641.1761  ANGLE   =     1041.4920  DIHED      =       81.6468
 VDWAALS =     5799.2564  EEL     =   -43695.6479  HBOND      =        0.0000
 1-4 VDW =       -1.3017  1-4 EEL =    -1534.6113  RESTRAINT  =        0.0000


   NSTEP       ENERGY          RMS            GMAX         NAME    NUMBER
   7400      -3.6669E+04     6.9813E-02     4.5458E+00     C1         33

 BOND    =     1641.6711  ANGLE   =     1041.3878  DIHED      =       81.6548
 VDWAALS =     5800.0717  EEL     =   -43697.4707  HBOND      =        0.0000
 1-4 VDW =       -1.3018  1-4 EEL =    -1534.5385  RESTRAINT  =        0.0000


   NSTEP       ENERGY          RMS            GMAX         NAME    NUMBER
   7450      -3.6669E+04     3.1655E-02     1.9601E+00     H1         36

 BOND    =     1639.9816  ANGLE   =     1041.9460  DIHED      =       81.6343
 VDWAALS =     5800.4328  EEL     =   -43696.9993  HBOND      =        0.0000
 1-4 VDW =       -1.3017  1-4 EEL =    -1534.5530  RESTRAINT  =        0.0000


   NSTEP       ENERGY          RMS            GMAX         NAME    NUMBER
   7500      -3.6669E+04     8.6596E-02     8.6180E+00     C1         33

 BOND    =     1640.6693  ANGLE   =     1041.4182  DIHED      =       81.6103
 VDWAALS =     5800.7569  EEL     =   -43697.7132  HBOND      =        0.0000
 1-4 VDW =       -1.3024  1-4 EEL =    -1534.8416  RESTRAINT  =        0.0000


   NSTEP       ENERGY          RMS            GMAX         NAME    NUMBER
   7550      -3.6670E+04     1.8630E-02     6.7397E-01     C1         33

 BOND    =     1640.2678  ANGLE   =     1041.6373  DIHED      =       81.6466
 VDWAALS =     5800.6388  EEL     =   -43697.9793  HBOND      =        0.0000
 1-4 VDW =       -1.3021  1-4 EEL =    -1534.6999  RESTRAINT  =        0.0000


   NSTEP       ENERGY          RMS            GMAX         NAME    NUMBER
   7600      -3.6671E+04     1.4136E-02     7.4290E-01     C1         33

 BOND    =     1640.3136  ANGLE   =     1041.4395  DIHED      =       81.6561
 VDWAALS =     5800.6741  EEL     =   -43699.0456  HBOND      =        0.0000
 1-4 VDW =       -1.3017  1-4 EEL =    -1534.5841  RESTRAINT  =        0.0000


   NSTEP       ENERGY          RMS            GMAX         NAME    NUMBER
   7650      -3.6672E+04     2.3626E-02     1.1406E+00     H2         37

 BOND    =     1640.4582  ANGLE   =     1041.7017  DIHED      =       81.6566
 VDWAALS =     5802.8241  EEL     =   -43702.2844  HBOND      =        0.0000
 1-4 VDW =       -1.3018  1-4 EEL =    -1534.6633  RESTRAINT  =        0.0000


   NSTEP       ENERGY          RMS            GMAX         NAME    NUMBER
   7700      -3.6672E+04     2.7088E-02     1.1296E+00     N1A        38

 BOND    =     1640.4442  ANGLE   =     1041.8323  DIHED      =       81.6542
 VDWAALS =     5802.4846  EEL     =   -43702.5474  HBOND      =        0.0000
 1-4 VDW =       -1.3015  1-4 EEL =    -1534.5570  RESTRAINT  =        0.0000


   NSTEP       ENERGY          RMS            GMAX         NAME    NUMBER
   7750      -3.6672E+04     1.6057E-02     9.6764E-01     O1         34

 BOND    =     1640.5061  ANGLE   =     1041.4479  DIHED      =       81.6568
 VDWAALS =     5802.4071  EEL     =   -43702.1718  HBOND      =        0.0000
 1-4 VDW =       -1.3015  1-4 EEL =    -1534.5668  RESTRAINT  =        0.0000


   NSTEP       ENERGY          RMS            GMAX         NAME    NUMBER
   7800      -3.6672E+04     4.5230E-01     3.7285E+01     C1         65

 BOND    =     1638.3083  ANGLE   =     1041.6316  DIHED      =       81.6473
 VDWAALS =     5803.1082  EEL     =   -43701.3370  HBOND      =        0.0000
 1-4 VDW =       -1.3004  1-4 EEL =    -1534.2996  RESTRAINT  =        0.0000


   NSTEP       ENERGY          RMS            GMAX         NAME    NUMBER
   7850      -3.6674E+04     3.5259E-02     2.3949E+00     N1         35

 BOND    =     1640.6295  ANGLE   =     1041.1438  DIHED      =       81.6814
 VDWAALS =     5802.4203  EEL     =   -43703.4833  HBOND      =        0.0000
 1-4 VDW =       -1.3018  1-4 EEL =    -1534.6999  RESTRAINT  =        0.0000


   NSTEP       ENERGY          RMS            GMAX         NAME    NUMBER
   7900      -3.6674E+04     6.4482E-02     4.5793E+00     H1         36

 BOND    =     1640.3955  ANGLE   =     1040.7417  DIHED      =       81.6935
 VDWAALS =     5802.0585  EEL     =   -43703.6582  HBOND      =        0.0000
 1-4 VDW =       -1.3005  1-4 EEL =    -1534.0081  RESTRAINT  =        0.0000


   NSTEP       ENERGY          RMS            GMAX         NAME    NUMBER
   7950      -3.6675E+04     1.0416E-01     4.5507E+00     H1A        39

 BOND    =     1640.7534  ANGLE   =     1040.9837  DIHED      =       81.6583
 VDWAALS =     5802.2804  EEL     =   -43704.9291  HBOND      =        0.0000
 1-4 VDW =       -1.3033  1-4 EEL =    -1534.6947  RESTRAINT  =        0.0000


   NSTEP       ENERGY          RMS            GMAX         NAME    NUMBER
   8000      -3.6678E+04     1.0904E-01     7.2897E+00     C1         33

 BOND    =     1640.7508  ANGLE   =     1041.5541  DIHED      =       81.7268
 VDWAALS =     5804.5872  EEL     =   -43711.2954  HBOND      =        0.0000
 1-4 VDW =       -1.3006  1-4 EEL =    -1534.0805  RESTRAINT  =        0.0000


   NSTEP       ENERGY          RMS            GMAX         NAME    NUMBER
   8050      -3.6679E+04     4.9696E-02     2.8111E+00     N1A        38

 BOND    =     1640.9401  ANGLE   =     1041.7337  DIHED      =       81.7183
 VDWAALS =     5804.6109  EEL     =   -43712.8205  HBOND      =        0.0000
 1-4 VDW =       -1.3011  1-4 EEL =    -1534.3563  RESTRAINT  =        0.0000


   NSTEP       ENERGY          RMS            GMAX         NAME    NUMBER
   8100      -3.6680E+04     3.0022E-02     1.3699E+00     N1A        38

 BOND    =     1641.2979  ANGLE   =     1041.7914  DIHED      =       81.6920
 VDWAALS =     5805.2130  EEL     =   -43713.7774  HBOND      =        0.0000
 1-4 VDW =       -1.3020  1-4 EEL =    -1534.8895  RESTRAINT  =        0.0000


   NSTEP       ENERGY          RMS            GMAX         NAME    NUMBER
   8150      -3.6680E+04     2.0601E-02     1.0142E+00     C1         33

 BOND    =     1640.9864  ANGLE   =     1041.8548  DIHED      =       81.7112
 VDWAALS =     5804.4147  EEL     =   -43713.5782  HBOND      =        0.0000
 1-4 VDW =       -1.3010  1-4 EEL =    -1534.4778  RESTRAINT  =        0.0000


   NSTEP       ENERGY          RMS            GMAX         NAME    NUMBER
   8200      -3.6680E+04     1.5615E-02     8.7399E-01     C1         33

 BOND    =     1640.9888  ANGLE   =     1041.8531  DIHED      =       81.7099
 VDWAALS =     5804.3257  EEL     =   -43713.5431  HBOND      =        0.0000
 1-4 VDW =       -1.3012  1-4 EEL =    -1534.5168  RESTRAINT  =        0.0000


   NSTEP       ENERGY          RMS            GMAX         NAME    NUMBER
   8250      -3.6682E+04     2.8153E-02     2.2454E+00     H2         37

 BOND    =     1641.1527  ANGLE   =     1041.7796  DIHED      =       81.7116
 VDWAALS =     5801.8380  EEL     =   -43712.9170  HBOND      =        0.0000
 1-4 VDW =       -1.3016  1-4 EEL =    -1534.6363  RESTRAINT  =        0.0000


   NSTEP       ENERGY          RMS            GMAX         NAME    NUMBER
   8300      -3.6684E+04     2.4136E-01     1.5189E+01     H        1032

 BOND    =     1640.7799  ANGLE   =     1040.7517  DIHED      =       81.7438
 VDWAALS =     5795.7168  EEL     =   -43707.0417  HBOND      =        0.0000
 1-4 VDW =       -1.3022  1-4 EEL =    -1534.9046  RESTRAINT  =        0.0000


   NSTEP       ENERGY          RMS            GMAX         NAME    NUMBER
   8350      -3.6688E+04     1.2222E-01     7.1732E+00     H        8544

 BOND    =     1641.5987  ANGLE   =     1040.7151  DIHED      =       81.6571
 VDWAALS =     5795.4785  EEL     =   -43711.0237  HBOND      =        0.0000
 1-4 VDW =       -1.3013  1-4 EEL =    -1534.6576  RESTRAINT  =        0.0000


   NSTEP       ENERGY          RMS            GMAX         NAME    NUMBER
   8400      -3.6689E+04     9.2075E-02     6.5496E+00     C1         33

 BOND    =     1641.4595  ANGLE   =     1040.6398  DIHED      =       81.6648
 VDWAALS =     5794.8331  EEL     =   -43712.1401  HBOND      =        0.0000
 1-4 VDW =       -1.3008  1-4 EEL =    -1534.4544  RESTRAINT  =        0.0000


   NSTEP       ENERGY          RMS            GMAX         NAME    NUMBER
   8450      -3.6691E+04     1.4201E-01     8.2156E+00     C1         33

 BOND    =     1640.1766  ANGLE   =     1041.3128  DIHED      =       81.6278
 VDWAALS =     5793.0724  EEL     =   -43711.4297  HBOND      =        0.0000
 1-4 VDW =       -1.3017  1-4 EEL =    -1534.6410  RESTRAINT  =        0.0000


   NSTEP       ENERGY          RMS            GMAX         NAME    NUMBER
   8500      -3.6692E+04     2.0509E-01     1.7633E+01     C1         33

 BOND    =     1640.6782  ANGLE   =     1041.3644  DIHED      =       81.6655
 VDWAALS =     5792.8919  EEL     =   -43713.0946  HBOND      =        0.0000
 1-4 VDW =       -1.3012  1-4 EEL =    -1534.5822  RESTRAINT  =        0.0000


   NSTEP       ENERGY          RMS            GMAX         NAME    NUMBER
   8550      -3.6693E+04     1.4856E-01     9.7469E+00     N1A        38

 BOND    =     1641.3066  ANGLE   =     1041.3088  DIHED      =       81.6557
 VDWAALS =     5791.6980  EEL     =   -43713.4578  HBOND      =        0.0000
 1-4 VDW =       -1.3018  1-4 EEL =    -1534.5550  RESTRAINT  =        0.0000


   NSTEP       ENERGY          RMS            GMAX         NAME    NUMBER
   8600      -3.6694E+04     2.5065E-01     1.8515E+01     N1         35

 BOND    =     1638.7780  ANGLE   =     1040.5964  DIHED      =       81.7673
 VDWAALS =     5790.3036  EEL     =   -43709.8505  HBOND      =        0.0000
 1-4 VDW =       -1.3016  1-4 EEL =    -1534.4025  RESTRAINT  =        0.0000


   NSTEP       ENERGY          RMS            GMAX         NAME    NUMBER
   8650      -3.6696E+04     1.2645E-01     7.8256E+00     H2A        40

 BOND    =     1638.3832  ANGLE   =     1041.0660  DIHED      =       81.6989
 VDWAALS =     5788.3036  EEL     =   -43709.9882  HBOND      =        0.0000
 1-4 VDW =       -1.3014  1-4 EEL =    -1534.3300  RESTRAINT  =        0.0000


   NSTEP       ENERGY          RMS            GMAX         NAME    NUMBER
   8700      -3.6698E+04     1.2162E-01     7.7297E+00     C1         33

 BOND    =     1639.7307  ANGLE   =     1041.1175  DIHED      =       81.6574
 VDWAALS =     5788.1896  EEL     =   -43713.0096  HBOND      =        0.0000
 1-4 VDW =       -1.3016  1-4 EEL =    -1534.3068  RESTRAINT  =        0.0000


   NSTEP       ENERGY          RMS            GMAX         NAME    NUMBER
   8750      -3.6699E+04     2.9377E-01     1.6649E+01     C1         33

 BOND    =     1642.6889  ANGLE   =     1041.8759  DIHED      =       81.6177
 VDWAALS =     5791.4136  EEL     =   -43720.7621  HBOND      =        0.0000
 1-4 VDW =       -1.3014  1-4 EEL =    -1534.5601  RESTRAINT  =        0.0000


   NSTEP       ENERGY          RMS            GMAX         NAME    NUMBER
   8800      -3.6700E+04     5.4588E-02     3.3939E+00     C1         33

 BOND    =     1641.1813  ANGLE   =     1041.4455  DIHED      =       81.6358
 VDWAALS =     5790.6775  EEL     =   -43719.2581  HBOND      =        0.0000
 1-4 VDW =       -1.3016  1-4 EEL =    -1534.5505  RESTRAINT  =        0.0000


   NSTEP       ENERGY          RMS            GMAX         NAME    NUMBER
   8850      -3.6704E+04     2.1432E-01     1.4192E+01     C1         65

 BOND    =     1641.9329  ANGLE   =     1038.9302  DIHED      =       81.7137
 VDWAALS =     5789.1237  EEL     =   -43719.9565  HBOND      =        0.0000
 1-4 VDW =       -1.3010  1-4 EEL =    -1534.3550  RESTRAINT  =        0.0000


   NSTEP       ENERGY          RMS            GMAX         NAME    NUMBER
   8900      -3.6707E+04     6.1318E-02     2.0395E+00     O1         34

 BOND    =     1641.2109  ANGLE   =     1040.4203  DIHED      =       81.6671
 VDWAALS =     5791.5508  EEL     =   -43725.9720  HBOND      =        0.0000
 1-4 VDW =       -1.3014  1-4 EEL =    -1534.4320  RESTRAINT  =        0.0000


   NSTEP       ENERGY          RMS            GMAX         NAME    NUMBER
   8950      -3.6708E+04     1.0103E-01     4.5549E+00     N1A        38

 BOND    =     1642.1292  ANGLE   =     1040.6113  DIHED      =       81.6588
 VDWAALS =     5793.0409  EEL     =   -43729.8324  HBOND      =        0.0000
 1-4 VDW =       -1.3014  1-4 EEL =    -1534.4345  RESTRAINT  =        0.0000


   NSTEP       ENERGY          RMS            GMAX         NAME    NUMBER
   9000      -3.6709E+04     7.2655E-02     5.6177E+00     C1         33

 BOND    =     1641.4600  ANGLE   =     1040.4916  DIHED      =       81.6627
 VDWAALS =     5793.8049  EEL     =   -43730.7475  HBOND      =        0.0000
 1-4 VDW =       -1.3015  1-4 EEL =    -1534.4221  RESTRAINT  =        0.0000


   NSTEP       ENERGY          RMS            GMAX         NAME    NUMBER
   9050      -3.6710E+04     1.1613E-01     7.6949E+00     N1A        70

 BOND    =     1641.2414  ANGLE   =     1040.5439  DIHED      =       81.6520
 VDWAALS =     5795.4623  EEL     =   -43733.3735  HBOND      =        0.0000
 1-4 VDW =       -1.3019  1-4 EEL =    -1534.2544  RESTRAINT  =        0.0000


   NSTEP       ENERGY          RMS            GMAX         NAME    NUMBER
   9100      -3.6712E+04     8.5730E-02     4.1102E+00     N1A        70

 BOND    =     1641.6842  ANGLE   =     1040.5003  DIHED      =       81.6522
 VDWAALS =     5796.4213  EEL     =   -43736.2603  HBOND      =        0.0000
 1-4 VDW =       -1.3019  1-4 EEL =    -1534.4384  RESTRAINT  =        0.0000


   NSTEP       ENERGY          RMS            GMAX         NAME    NUMBER
   9150      -3.6714E+04     1.4845E-01     5.5001E+00     H2A        72

 BOND    =     1643.3146  ANGLE   =     1040.1546  DIHED      =       81.7109
 VDWAALS =     5797.0327  EEL     =   -43739.6430  HBOND      =        0.0000
 1-4 VDW =       -1.3037  1-4 EEL =    -1535.1510  RESTRAINT  =        0.0000


   NSTEP       ENERGY          RMS            GMAX         NAME    NUMBER
   9200      -3.6716E+04     9.7260E-02     6.3410E+00     C1         33

 BOND    =     1641.6171  ANGLE   =     1040.0044  DIHED      =       81.6193
 VDWAALS =     5799.8107  EEL     =   -43743.2473  HBOND      =        0.0000
 1-4 VDW =       -1.3020  1-4 EEL =    -1534.4017  RESTRAINT  =        0.0000


   NSTEP       ENERGY          RMS            GMAX         NAME    NUMBER
   9250      -3.6717E+04     7.3152E-02     3.4881E+00     H2A        72

 BOND    =     1641.9873  ANGLE   =     1039.7672  DIHED      =       81.6306
 VDWAALS =     5799.6916  EEL     =   -43744.2907  HBOND      =        0.0000
 1-4 VDW =       -1.3018  1-4 EEL =    -1534.2997  RESTRAINT  =        0.0000


   NSTEP       ENERGY          RMS            GMAX         NAME    NUMBER
   9300      -3.6718E+04     7.1667E-02     5.4314E+00     O1         34

 BOND    =     1642.0654  ANGLE   =     1039.5872  DIHED      =       81.6534
 VDWAALS =     5800.5811  EEL     =   -43745.5870  HBOND      =        0.0000
 1-4 VDW =       -1.3024  1-4 EEL =    -1534.6259  RESTRAINT  =        0.0000


   NSTEP       ENERGY          RMS            GMAX         NAME    NUMBER
   9350      -3.6718E+04     6.6574E-02     3.2618E+00     C1         33

 BOND    =     1641.4322  ANGLE   =     1039.3477  DIHED      =       81.6112
 VDWAALS =     5801.0762  EEL     =   -43746.1838  HBOND      =        0.0000
 1-4 VDW =       -1.3022  1-4 EEL =    -1534.4708  RESTRAINT  =        0.0000


   NSTEP       ENERGY          RMS            GMAX         NAME    NUMBER
   9400      -3.6720E+04     7.6948E-02     3.4483E+00     C1         33

 BOND    =     1643.1172  ANGLE   =     1039.6633  DIHED      =       81.6982
 VDWAALS =     5802.6744  EEL     =   -43751.7711  HBOND      =        0.0000
 1-4 VDW =       -1.3015  1-4 EEL =    -1534.1594  RESTRAINT  =        0.0000


   NSTEP       ENERGY          RMS            GMAX         NAME    NUMBER
   9450      -3.6722E+04     1.1170E-01     5.8070E+00     C1         33

 BOND    =     1642.1694  ANGLE   =     1039.7334  DIHED      =       81.5954
 VDWAALS =     5804.3219  EEL     =   -43753.7456  HBOND      =        0.0000
 1-4 VDW =       -1.3020  1-4 EEL =    -1534.4577  RESTRAINT  =        0.0000


   NSTEP       ENERGY          RMS            GMAX         NAME    NUMBER
   9500      -3.6723E+04     4.9007E-02     4.2863E+00     C1         33

 BOND    =     1643.3435  ANGLE   =     1039.6999  DIHED      =       81.6346
 VDWAALS =     5804.2113  EEL     =   -43756.2722  HBOND      =        0.0000
 1-4 VDW =       -1.3020  1-4 EEL =    -1534.4324  RESTRAINT  =        0.0000


   NSTEP       ENERGY          RMS            GMAX         NAME    NUMBER
   9550      -3.6725E+04     4.8880E-02     3.4797E+00     C1         33

 BOND    =     1643.2703  ANGLE   =     1039.7518  DIHED      =       81.6326
 VDWAALS =     5805.0495  EEL     =   -43759.0088  HBOND      =        0.0000
 1-4 VDW =       -1.3020  1-4 EEL =    -1534.3797  RESTRAINT  =        0.0000


   NSTEP       ENERGY          RMS            GMAX         NAME    NUMBER
   9600      -3.6725E+04     2.6580E-02     8.0253E-01     H2A        40

 BOND    =     1643.3598  ANGLE   =     1039.9626  DIHED      =       81.6014
 VDWAALS =     5805.5303  EEL     =   -43759.9627  HBOND      =        0.0000
 1-4 VDW =       -1.3021  1-4 EEL =    -1534.5610  RESTRAINT  =        0.0000


   NSTEP       ENERGY          RMS            GMAX         NAME    NUMBER
   9650      -3.6726E+04     2.6259E-02     8.6906E-01     H1A        39

 BOND    =     1643.4066  ANGLE   =     1039.9225  DIHED      =       81.6013
 VDWAALS =     5805.8204  EEL     =   -43760.9540  HBOND      =        0.0000
 1-4 VDW =       -1.3021  1-4 EEL =    -1534.5443  RESTRAINT  =        0.0000


   NSTEP       ENERGY          RMS            GMAX         NAME    NUMBER
   9700      -3.6727E+04     9.2408E-02     4.3159E+00     H1         36

 BOND    =     1643.2832  ANGLE   =     1040.2843  DIHED      =       81.6008
 VDWAALS =     5805.5639  EEL     =   -43761.4662  HBOND      =        0.0000
 1-4 VDW =       -1.3019  1-4 EEL =    -1534.4730  RESTRAINT  =        0.0000


   NSTEP       ENERGY          RMS            GMAX         NAME    NUMBER
   9750      -3.6727E+04     5.2455E-02     3.6721E+00     C1         33

 BOND    =     1643.3520  ANGLE   =     1039.8967  DIHED      =       81.6027
 VDWAALS =     5805.3447  EEL     =   -43761.5931  HBOND      =        0.0000
 1-4 VDW =       -1.3018  1-4 EEL =    -1534.4245  RESTRAINT  =        0.0000


   NSTEP       ENERGY          RMS            GMAX         NAME    NUMBER
   9800      -3.6728E+04     3.4732E-02     2.2451E+00     O        2843

 BOND    =     1643.1720  ANGLE   =     1039.7399  DIHED      =       81.5999
 VDWAALS =     5804.8604  EEL     =   -43761.5088  HBOND      =        0.0000
 1-4 VDW =       -1.3018  1-4 EEL =    -1534.4428  RESTRAINT  =        0.0000


   NSTEP       ENERGY          RMS            GMAX         NAME    NUMBER
   9850      -3.6729E+04     3.0868E-02     2.2342E+00     C1         33

 BOND    =     1643.6140  ANGLE   =     1039.7685  DIHED      =       81.5895
 VDWAALS =     5804.2480  EEL     =   -43762.1262  HBOND      =        0.0000
 1-4 VDW =       -1.3021  1-4 EEL =    -1534.5464  RESTRAINT  =        0.0000


   NSTEP       ENERGY          RMS            GMAX         NAME    NUMBER
   9900      -3.6730E+04     7.5685E-02     6.7558E+00     C1         33

 BOND    =     1642.6699  ANGLE   =     1039.5772  DIHED      =       81.5862
 VDWAALS =     5802.9863  EEL     =   -43761.1310  HBOND      =        0.0000
 1-4 VDW =       -1.3020  1-4 EEL =    -1534.5145  RESTRAINT  =        0.0000


   NSTEP       ENERGY          RMS            GMAX         NAME    NUMBER
   9950      -3.6731E+04     3.8946E-02     2.1232E+00     N1A        70

 BOND    =     1643.3229  ANGLE   =     1039.9503  DIHED      =       81.5906
 VDWAALS =     5802.5248  EEL     =   -43762.1442  HBOND      =        0.0000
 1-4 VDW =       -1.3021  1-4 EEL =    -1534.4920  RESTRAINT  =        0.0000


   NSTEP       ENERGY          RMS            GMAX         NAME    NUMBER
  10000      -3.6732E+04     2.0527E-02     7.5082E-01     O        5798

 BOND    =     1643.3570  ANGLE   =     1040.0461  DIHED      =       81.5974
 VDWAALS =     5801.7250  EEL     =   -43762.8491  HBOND      =        0.0000
 1-4 VDW =       -1.3020  1-4 EEL =    -1534.4595  RESTRAINT  =        0.0000


  Maximum number of minimization cycles reached.


                    FINAL RESULTS



   NSTEP       ENERGY          RMS            GMAX         NAME    NUMBER
  10000      -3.6732E+04     2.0527E-02     7.5082E-01     O        5798

 BOND    =     1643.3570  ANGLE   =     1040.0461  DIHED      =       81.5974
 VDWAALS =     5801.7250  EEL     =   -43762.8491  HBOND      =        0.0000
 1-4 VDW =       -1.3020  1-4 EEL =    -1534.4595  RESTRAINT  =        0.0000

--------------------------------------------------------------------------------
   5.  TIMINGS
--------------------------------------------------------------------------------

|                Build the list             0.21 (25.65% of List )
|                Other                      0.61 (74.35% of List )
|             List time                  0.82 ( 0.78% of Nonbo)
|                   Short_ene time            50.00 (90.18% of Direc)
|                   Other                      5.44 ( 9.82% of Direc)
|                Direct Ewald time         55.45 (53.08% of Ewald)
|                Adjust Ewald time          0.48 ( 0.46% of Ewald)
|                Self Ewald time            0.02 ( 0.02% of Ewald)
|                   Fill Bspline coeffs        2.09 (10.15% of Recip)
|                   Fill charge grid           1.61 ( 7.80% of Recip)
|                   Scalar sum                 3.11 (15.09% of Recip)
|                   Grad sum                   2.64 (12.79% of Recip)
|                      FFT back comm time         2.60 (25.11% of FFT t)
|                      Other                      7.76 (74.89% of FFT t)
|                   FFT time                  10.37 (50.29% of Recip)
|                   Other                      0.80 ( 3.88% of Recip)
|                Recip Ewald time          20.61 (19.73% of Ewald)
|                Force Adjust              26.58 (25.44% of Ewald)
|                Virial junk                1.28 ( 1.22% of Ewald)
|                Other                      0.05 ( 0.05% of Ewald)
|             Ewald time               104.47 (99.21% of Nonbo)
|             Other                      0.01 ( 0.01% of Nonbo)
|          Nonbond force            105.30 (93.07% of Force)
|          Bond/Angle/Dihedral        0.49 ( 0.43% of Force)
|          FRC Collect time           4.71 ( 4.17% of Force)
|          Other                      2.64 ( 2.33% of Force)
|       Force time               113.14 (100.0% of Runmd)
|    Runmd Time               113.14 (88.64% of Total)
|    Other                     14.49 (11.35% of Total)
| Total time               127.64 (100.0% of ALL  )

| Highest rstack allocated:      71523
| Highest istack allocated:       1633
|           Job began  at 15:28:06.599  on 02/06/2022
|           Setup done at 15:28:06.721  on 02/06/2022
|           Run   done at 15:30:14.237  on 02/06/2022
|     wallclock() was called  440108 times

|3D-RISM memory allocation summary
|Type          Maximum        Current   
|Integer       0.00000 GB     0.00000 GB
|Real          0.00000 GB     0.00000 GB
|Logical       0.00000 GB     0.00000 GB
|Character     0.00000 GB     0.00000 GB
|---------------------------------------
|Total         0.00000 GB     0.00000 GB
