
          -------------------------------------------------------
          Amber 20 SANDER                              2020
          -------------------------------------------------------

| Run on 02/01/2022 at 19:21:42

|   Executable path: sander.MPI
| Working directory: /gpfs_common/share01/eesantis/ecarden/urea_acn/10_01
|          Hostname: n2m3-9

  [-O]verwriting output

File Assignments:
|  MDIN: min.in                                                                
| MDOUT: min.out                                                               
|INPCRD: min0.ncrst                                                            
|  PARM: simbox.prmtop                                                         
|RESTRT: min.ncrst                                                             
|  REFC: refc                                                                  
| MDVEL: mdvel                                                                 
| MDFRC: mdfrc                                                                 
|  MDEN: mden                                                                  
| MDCRD: min.mdcrd                                                             
|MDINFO: min.mdinfo                                                            
|  MTMD: mtmd                                                                  
|INPDIP: inpdip                                                                
|RSTDIP: rstdip                                                                
|INPTRA: inptraj                                                               

|    REMLOG: rem.log
|   REMTYPE: rem.type
|  REMSTRIP: 
|   SAVEENE: saveene
|CLUSTERINF: cluster.info
| RESERVOIR: reserv/frame
|   REMDDIM: 


 Here is the input file:

Stage 1 - minimisation of simbox                                               
 &cntrl                                                                        
  imin   = 1,                                                                  
  maxcyc = 10000,                                                              
  ncyc   = 500,                                                                
  ntb    = 1,                                                                  
  ntr    = 0,                                                                  
  cut    = 10.00                                                               
 /                                                                             

--------------------------------------------------------------------------------
   1.  RESOURCE   USE: 
--------------------------------------------------------------------------------

| Flags: MPI                                                                    
 getting box info from netcdf restart file
| NetCDF restart box info found
|Largest sphere to fit in unit cell has radius =    30.000
| New format PARM file being parsed.
| Version =    1.000 Date = 02/01/22 Time = 19:07:19
 NATOM  =   12740 NTYPES =       7 NBONH =    6370 MBONA  =    4250
 NTHETH =   12720 MTHETA =    2140 NPHIH =    6470 MPHIA  =      10
 NHPARM =       0 NPARM  =       0 NNB   =   34010 NRES   =    2120
 NBONA  =    4250 NTHETA =    2140 NPHIA =      10 NUMBND =       6
 NUMANG =       7 NPTRA  =       5 NATYP =       8 NPHB   =       0
 IFBOX  =       1 NMXRS  =       8 IFCAP =       0 NEXTRA =       0
 NCOPY  =       0


|     Memory Use     Allocated
|     Real             1807361
|     Hollerith          40342
|     Integer           721234
|     Max Pairs         611520
|     nblistReal        152880
|     nblist Int        557124
|       Total            22854 kbytes

| Note: 1-4 EEL scale factors are being read from the topology file.

| Note: 1-4 VDW scale factors are being read from the topology file.
| Duplicated    0 dihedrals
| Duplicated    0 dihedrals

     BOX TYPE: RECTILINEAR

--------------------------------------------------------------------------------
   2.  CONTROL  DATA  FOR  THE  RUN
--------------------------------------------------------------------------------

default_name                                                                    

General flags:
     imin    =       1, nmropt  =       0

Nature and format of input:
     ntx     =       1, irest   =       0, ntrx    =       1

Nature and format of output:
     ntxo    =       2, ntpr    =      50, ntrx    =       1, ntwr    =       1
     iwrap   =       0, ntwx    =       0, ntwv    =       0, ntwe    =       0
     ioutfm  =       1, ntwprt  =       0, idecomp =       0, rbornstat=      0

Potential function:
     ntf     =       1, ntb     =       1, igb     =       0, nsnb    =      25
     ipol    =       0, gbsa    =       0, iesp    =       0
     dielc   =   1.00000, cut     =  10.00000, intdiel =   1.00000

Frozen or restrained atoms:
     ibelly  =       0, ntr     =       0

Energy minimization:
     maxcyc  =   10000, ncyc    =     500, ntmin   =       1
     dx0     =   0.01000, drms    =   0.00010

Ewald parameters:
     verbose =       0, ew_type =       0, nbflag  =       1, use_pme =       1
     vdwmeth =       1, eedmeth =       1, netfrc  =       0
     Box X =   60.000   Box Y =   60.000   Box Z =   60.000
     Alpha =   90.000   Beta  =   90.000   Gamma =   90.000
     NFFT1 =   60       NFFT2 =   60       NFFT3 =   60
     Cutoff=   10.000   Tol   =0.100E-04
     Ewald Coefficient =  0.27511
     Interpolation order =    4

| MPI Timing options:
|      profile_mpi =        0
|  INFO: Old style inpcrd file read


--------------------------------------------------------------------------------
   3.  ATOMIC COORDINATES AND VELOCITIES
--------------------------------------------------------------------------------

default_name                                                                    
 begin time read from input coords =     0.000 ps

 Number of triangulated 3-point waters found:        0
|  Atom division among processors:
|         0     800    1592    2390    3188    3980    4778    5576
|      6368    7166    7964    8756    9554   10352   11144   11942
|     12740

     Sum of charges from parm topology file =  -0.00000005
     Forcing neutrality...
|  Running AMBER/MPI version on   16 nodes


--------------------------------------------------------------------------------
   4.  RESULTS
--------------------------------------------------------------------------------

 ---------------------------------------------------
 APPROXIMATING switch and d/dx switch using CUBIC SPLINE INTERPOLATION
 using   5000.0 points per unit in tabled values
 TESTING RELATIVE ERROR over r ranging from 0.0 to cutoff
| CHECK switch(x): max rel err =   0.2738E-14   at   2.422500
| CHECK d/dx switch(x): max rel err =   0.8314E-11   at   2.736960
 ---------------------------------------------------
| Local SIZE OF NONBOND LIST =     110309
| TOTAL SIZE OF NONBOND LIST =    2767680


   NSTEP       ENERGY          RMS            GMAX         NAME    NUMBER
      1      -3.4243E+04     4.7487E-01     2.0179E+01     C1          1

 BOND    =       17.7776  ANGLE   =      218.2487  DIHED      =       80.0140
 VDWAALS =   -11731.6658  EEL     =    -6465.5577  HBOND      =        0.0000
 1-4 VDW =     -149.7064  1-4 EEL =   -16212.2769  RESTRAINT  =        0.0000


   NSTEP       ENERGY          RMS            GMAX         NAME    NUMBER
     50      -3.4249E+04     1.1645E-01     5.0923E+00     C1         65

 BOND    =       19.5176  ANGLE   =      217.6232  DIHED      =       80.8098
 VDWAALS =   -11733.1431  EEL     =    -6458.9791  HBOND      =        0.0000
 1-4 VDW =     -149.7224  1-4 EEL =   -16225.2146  RESTRAINT  =        0.0000


   NSTEP       ENERGY          RMS            GMAX         NAME    NUMBER
    100      -3.4251E+04     3.8434E-02     1.1367E+00     C1          1

 BOND    =       19.8627  ANGLE   =      217.2877  DIHED      =       80.9570
 VDWAALS =   -11733.8427  EEL     =    -6459.3110  HBOND      =        0.0000
 1-4 VDW =     -149.7208  1-4 EEL =   -16225.9022  RESTRAINT  =        0.0000


   NSTEP       ENERGY          RMS            GMAX         NAME    NUMBER
    150      -3.4252E+04     9.7716E-02     4.4066E+00     C1          1

 BOND    =       20.0717  ANGLE   =      217.1657  DIHED      =       81.0151
 VDWAALS =   -11734.5464  EEL     =    -6460.0278  HBOND      =        0.0000
 1-4 VDW =     -149.7198  1-4 EEL =   -16225.9424  RESTRAINT  =        0.0000


   NSTEP       ENERGY          RMS            GMAX         NAME    NUMBER
    200      -3.4253E+04     3.5528E-02     1.0590E+00     C1         65

 BOND    =       19.7978  ANGLE   =      217.3020  DIHED      =       81.0400
 VDWAALS =   -11735.2136  EEL     =    -6460.2999  HBOND      =        0.0000
 1-4 VDW =     -149.7204  1-4 EEL =   -16226.1768  RESTRAINT  =        0.0000


   NSTEP       ENERGY          RMS            GMAX         NAME    NUMBER
    250      -3.4254E+04     9.2136E-02     3.9573E+00     C1         65

 BOND    =       19.6850  ANGLE   =      217.3898  DIHED      =       81.0532
 VDWAALS =   -11735.8951  EEL     =    -6460.6694  HBOND      =        0.0000
 1-4 VDW =     -149.7202  1-4 EEL =   -16226.3066  RESTRAINT  =        0.0000


   NSTEP       ENERGY          RMS            GMAX         NAME    NUMBER
    300      -3.4256E+04     3.7872E-02     1.1613E+00     C1          1

 BOND    =       19.8882  ANGLE   =      217.2374  DIHED      =       81.0604
 VDWAALS =   -11736.5270  EEL     =    -6461.4830  HBOND      =        0.0000
 1-4 VDW =     -149.7200  1-4 EEL =   -16226.1104  RESTRAINT  =        0.0000


   NSTEP       ENERGY          RMS            GMAX         NAME    NUMBER
    350      -3.4257E+04     4.4847E-02     1.5109E+00     C1          1

 BOND    =       19.9081  ANGLE   =      217.2237  DIHED      =       81.0659
 VDWAALS =   -11737.1652  EEL     =    -6462.0176  HBOND      =        0.0000
 1-4 VDW =     -149.7199  1-4 EEL =   -16226.0975  RESTRAINT  =        0.0000


   NSTEP       ENERGY          RMS            GMAX         NAME    NUMBER
    400      -3.4258E+04     3.1968E-02     7.8179E-01     C1         65

 BOND    =       19.8045  ANGLE   =      217.2805  DIHED      =       81.0702
 VDWAALS =   -11737.8087  EEL     =    -6462.3726  HBOND      =        0.0000
 1-4 VDW =     -149.7200  1-4 EEL =   -16226.1826  RESTRAINT  =        0.0000


   NSTEP       ENERGY          RMS            GMAX         NAME    NUMBER
    450      -3.4259E+04     4.6815E-02     1.7737E+00     C1         65

 BOND    =       19.7593  ANGLE   =      217.3091  DIHED      =       81.0739
 VDWAALS =   -11738.4522  EEL     =    -6462.7837  HBOND      =        0.0000
 1-4 VDW =     -149.7199  1-4 EEL =   -16226.2270  RESTRAINT  =        0.0000


   NSTEP       ENERGY          RMS            GMAX         NAME    NUMBER
    500      -3.4260E+04     8.6605E-02     3.8333E+00     C1         65

 BOND    =       19.6804  ANGLE   =      217.3757  DIHED      =       81.0773
 VDWAALS =   -11739.0752  EEL     =    -6463.1183  HBOND      =        0.0000
 1-4 VDW =     -149.7201  1-4 EEL =   -16226.3160  RESTRAINT  =        0.0000


   NSTEP       ENERGY          RMS            GMAX         NAME    NUMBER
    550      -3.4298E+04     2.6262E-01     1.1053E+01     C1      12646

 BOND    =       20.0216  ANGLE   =      217.3125  DIHED      =       81.6648
 VDWAALS =   -11763.0676  EEL     =    -6478.5379  HBOND      =        0.0000
 1-4 VDW =     -149.7244  1-4 EEL =   -16226.1402  RESTRAINT  =        0.0000


   NSTEP       ENERGY          RMS            GMAX         NAME    NUMBER
    600      -3.4304E+04     1.2570E-01     6.7571E+00     C1         73

 BOND    =       19.5800  ANGLE   =      217.3594  DIHED      =       81.8613
 VDWAALS =   -11765.9216  EEL     =    -6479.6533  HBOND      =        0.0000
 1-4 VDW =     -149.7186  1-4 EEL =   -16227.4539  RESTRAINT  =        0.0000


   NSTEP       ENERGY          RMS            GMAX         NAME    NUMBER
    650      -3.4308E+04     1.1105E-01     6.7336E+00     N1         75

 BOND    =       19.7110  ANGLE   =      217.5004  DIHED      =       81.6317
 VDWAALS =   -11768.4108  EEL     =    -6481.6317  HBOND      =        0.0000
 1-4 VDW =     -149.7149  1-4 EEL =   -16227.4605  RESTRAINT  =        0.0000


   NSTEP       ENERGY          RMS            GMAX         NAME    NUMBER
    700      -3.4311E+04     1.0292E-01     5.7234E+00     C1         73

 BOND    =       19.7823  ANGLE   =      217.1872  DIHED      =       81.2229
 VDWAALS =   -11769.5295  EEL     =    -6483.5141  HBOND      =        0.0000
 1-4 VDW =     -149.7159  1-4 EEL =   -16226.0431  RESTRAINT  =        0.0000


   NSTEP       ENERGY          RMS            GMAX         NAME    NUMBER
    750      -3.4333E+04     7.6470E-02     4.7775E+00     C1         73

 BOND    =       20.0183  ANGLE   =      217.1587  DIHED      =       81.1816
 VDWAALS =   -11783.1348  EEL     =    -6492.0946  HBOND      =        0.0000
 1-4 VDW =     -149.7098  1-4 EEL =   -16226.3064  RESTRAINT  =        0.0000


   NSTEP       ENERGY          RMS            GMAX         NAME    NUMBER
    800      -3.4336E+04     9.2406E-02     4.6031E+00     C        4809

 BOND    =       19.5402  ANGLE   =      217.3507  DIHED      =       81.2157
 VDWAALS =   -11784.6355  EEL     =    -6493.4742  HBOND      =        0.0000
 1-4 VDW =     -149.7195  1-4 EEL =   -16225.9994  RESTRAINT  =        0.0000


   NSTEP       ENERGY          RMS            GMAX         NAME    NUMBER
    850      -3.4338E+04     9.2806E-02     4.2324E+00     C1        688

 BOND    =       20.0310  ANGLE   =      217.2985  DIHED      =       81.2171
 VDWAALS =   -11786.4387  EEL     =    -6494.5123  HBOND      =        0.0000
 1-4 VDW =     -149.7067  1-4 EEL =   -16226.2774  RESTRAINT  =        0.0000


   NSTEP       ENERGY          RMS            GMAX         NAME    NUMBER
    900      -3.4342E+04     1.3711E-01     8.2548E+00     C1         73

 BOND    =       19.5307  ANGLE   =      217.5587  DIHED      =       81.2212
 VDWAALS =   -11788.3222  EEL     =    -6495.9961  HBOND      =        0.0000
 1-4 VDW =     -149.7190  1-4 EEL =   -16225.9144  RESTRAINT  =        0.0000


   NSTEP       ENERGY          RMS            GMAX         NAME    NUMBER
    950      -3.4345E+04     1.3128E-01     5.4576E+00     H2         61

 BOND    =       19.3143  ANGLE   =      217.6689  DIHED      =       81.2350
 VDWAALS =   -11790.3143  EEL     =    -6497.3777  HBOND      =        0.0000
 1-4 VDW =     -149.7176  1-4 EEL =   -16225.6578  RESTRAINT  =        0.0000


   NSTEP       ENERGY          RMS            GMAX         NAME    NUMBER
   1000      -3.4351E+04     2.8023E-01     1.6426E+01     C        4809

 BOND    =       20.1461  ANGLE   =      218.2888  DIHED      =       81.2810
 VDWAALS =   -11795.3668  EEL     =    -6499.9470  HBOND      =        0.0000
 1-4 VDW =     -149.6835  1-4 EEL =   -16225.5596  RESTRAINT  =        0.0000


   NSTEP       ENERGY          RMS            GMAX         NAME    NUMBER
   1050      -3.4354E+04     1.2570E-01     7.9626E+00     N1A        70

 BOND    =       19.6000  ANGLE   =      217.2188  DIHED      =       81.2438
 VDWAALS =   -11795.7911  EEL     =    -6500.6346  HBOND      =        0.0000
 1-4 VDW =     -149.7189  1-4 EEL =   -16225.9887  RESTRAINT  =        0.0000


   NSTEP       ENERGY          RMS            GMAX         NAME    NUMBER
   1100      -3.4360E+04     2.3672E-01     1.6750E+01     C        4809

 BOND    =       20.3857  ANGLE   =      217.7400  DIHED      =       81.2227
 VDWAALS =   -11799.9151  EEL     =    -6502.7235  HBOND      =        0.0000
 1-4 VDW =     -149.7113  1-4 EEL =   -16226.5068  RESTRAINT  =        0.0000


   NSTEP       ENERGY          RMS            GMAX         NAME    NUMBER
   1150      -3.4367E+04     7.8199E-01     1.0545E+02     C1       4810

 BOND    =       23.3194  ANGLE   =      218.5841  DIHED      =       81.4394
 VDWAALS =   -11807.1960  EEL     =    -6506.3886  HBOND      =        0.0000
 1-4 VDW =     -149.7057  1-4 EEL =   -16226.8297  RESTRAINT  =        0.0000


   NSTEP       ENERGY          RMS            GMAX         NAME    NUMBER
   1200      -3.4395E+04     7.2293E-01     5.7550E+01     C1       4810

 BOND    =       22.2428  ANGLE   =      224.3819  DIHED      =       81.7976
 VDWAALS =   -11828.6587  EEL     =    -6519.8054  HBOND      =        0.0000
 1-4 VDW =     -149.8371  1-4 EEL =   -16225.1600  RESTRAINT  =        0.0000


   NSTEP       ENERGY          RMS            GMAX         NAME    NUMBER
   1250      -3.4410E+04     1.4197E-01     1.5984E+01     C1       4810

 BOND    =       20.5752  ANGLE   =      217.3017  DIHED      =       81.2451
 VDWAALS =   -11832.7443  EEL     =    -6519.6636  HBOND      =        0.0000
 1-4 VDW =     -149.6973  1-4 EEL =   -16227.0252  RESTRAINT  =        0.0000


   NSTEP       ENERGY          RMS            GMAX         NAME    NUMBER
   1300      -3.4413E+04     9.2340E-02     6.6153E+00     C1         73

 BOND    =       19.5957  ANGLE   =      217.1906  DIHED      =       81.2494
 VDWAALS =   -11834.3931  EEL     =    -6521.1211  HBOND      =        0.0000
 1-4 VDW =     -149.7185  1-4 EEL =   -16225.9980  RESTRAINT  =        0.0000


   NSTEP       ENERGY          RMS            GMAX         NAME    NUMBER
   1350      -3.4416E+04     5.9969E-02     4.8603E+00     C1         73

 BOND    =       19.9830  ANGLE   =      217.1064  DIHED      =       81.2227
 VDWAALS =   -11836.5012  EEL     =    -6521.7851  HBOND      =        0.0000
 1-4 VDW =     -149.7066  1-4 EEL =   -16226.4187  RESTRAINT  =        0.0000


   NSTEP       ENERGY          RMS            GMAX         NAME    NUMBER
   1400      -3.4420E+04     6.2895E-02     4.5451E+00     C1       4810

 BOND    =       19.9852  ANGLE   =      217.0977  DIHED      =       81.2128
 VDWAALS =   -11839.2513  EEL     =    -6523.0214  HBOND      =        0.0000
 1-4 VDW =     -149.7062  1-4 EEL =   -16226.4389  RESTRAINT  =        0.0000


   NSTEP       ENERGY          RMS            GMAX         NAME    NUMBER
   1450      -3.4448E+04     9.2583E-02     5.5248E+00     C1         73

 BOND    =       20.1560  ANGLE   =      217.2786  DIHED      =       81.1301
 VDWAALS =   -11859.3006  EEL     =    -6531.3366  HBOND      =        0.0000
 1-4 VDW =     -149.7013  1-4 EEL =   -16226.4706  RESTRAINT  =        0.0000


   NSTEP       ENERGY          RMS            GMAX         NAME    NUMBER
   1500      -3.4452E+04     6.6988E-02     5.5541E+00     C1       4810

 BOND    =       20.1221  ANGLE   =      217.1257  DIHED      =       81.1563
 VDWAALS =   -11861.5107  EEL     =    -6532.3891  HBOND      =        0.0000
 1-4 VDW =     -149.6974  1-4 EEL =   -16226.5874  RESTRAINT  =        0.0000


   NSTEP       ENERGY          RMS            GMAX         NAME    NUMBER
   1550      -3.4464E+04     6.1717E-02     2.4891E+00     H        9978

 BOND    =       20.3614  ANGLE   =      217.2088  DIHED      =       81.1330
 VDWAALS =   -11870.0648  EEL     =    -6536.5013  HBOND      =        0.0000
 1-4 VDW =     -149.6925  1-4 EEL =   -16226.7567  RESTRAINT  =        0.0000


   NSTEP       ENERGY          RMS            GMAX         NAME    NUMBER
   1600      -3.4468E+04     7.7715E-02     4.2626E+00     C1       9976

 BOND    =       20.4501  ANGLE   =      217.1592  DIHED      =       81.1465
 VDWAALS =   -11872.3870  EEL     =    -6537.3658  HBOND      =        0.0000
 1-4 VDW =     -149.6960  1-4 EEL =   -16226.8424  RESTRAINT  =        0.0000


   NSTEP       ENERGY          RMS            GMAX         NAME    NUMBER
   1650      -3.4469E+04     7.1609E-02     4.1913E+00     C1         33

 BOND    =       20.0438  ANGLE   =      217.1685  DIHED      =       81.1582
 VDWAALS =   -11873.7838  EEL     =    -6537.9953  HBOND      =        0.0000
 1-4 VDW =     -149.6936  1-4 EEL =   -16226.3899  RESTRAINT  =        0.0000


   NSTEP       ENERGY          RMS            GMAX         NAME    NUMBER
   1700      -3.4475E+04     7.2468E-02     4.4152E+00     C1       9976

 BOND    =       19.8792  ANGLE   =      217.1868  DIHED      =       81.1454
 VDWAALS =   -11877.2111  EEL     =    -6539.5223  HBOND      =        0.0000
 1-4 VDW =     -149.6976  1-4 EEL =   -16226.3265  RESTRAINT  =        0.0000


   NSTEP       ENERGY          RMS            GMAX         NAME    NUMBER
   1750      -3.4479E+04     4.6516E-02     2.6109E+00     H1         76

 BOND    =       19.9913  ANGLE   =      217.1587  DIHED      =       81.1352
 VDWAALS =   -11880.6837  EEL     =    -6541.0141  HBOND      =        0.0000
 1-4 VDW =     -149.6945  1-4 EEL =   -16226.3729  RESTRAINT  =        0.0000


   NSTEP       ENERGY          RMS            GMAX         NAME    NUMBER
   1800      -3.4492E+04     6.3763E-02     3.2392E+00     N1         75

 BOND    =       20.1437  ANGLE   =      217.1158  DIHED      =       81.3757
 VDWAALS =   -11889.3394  EEL     =    -6544.7343  HBOND      =        0.0000
 1-4 VDW =     -149.6928  1-4 EEL =   -16226.5790  RESTRAINT  =        0.0000


   NSTEP       ENERGY          RMS            GMAX         NAME    NUMBER
   1850      -3.4500E+04     6.7823E-02     4.4652E+00     C1         73

 BOND    =       20.2449  ANGLE   =      217.2597  DIHED      =       81.2211
 VDWAALS =   -11894.9331  EEL     =    -6547.3036  HBOND      =        0.0000
 1-4 VDW =     -149.6905  1-4 EEL =   -16226.7053  RESTRAINT  =        0.0000


   NSTEP       ENERGY          RMS            GMAX         NAME    NUMBER
   1900      -3.4504E+04     1.6100E-01     1.4528E+01     O1         74

 BOND    =       20.0686  ANGLE   =      217.5329  DIHED      =       81.2809
 VDWAALS =   -11898.1561  EEL     =    -6549.3042  HBOND      =        0.0000
 1-4 VDW =     -149.6895  1-4 EEL =   -16225.8780  RESTRAINT  =        0.0000


   NSTEP       ENERGY          RMS            GMAX         NAME    NUMBER
   1950      -3.4508E+04     9.2451E-02     5.9016E+00     H2         77

 BOND    =       19.7392  ANGLE   =      217.2428  DIHED      =       81.2949
 VDWAALS =   -11900.8687  EEL     =    -6550.0928  HBOND      =        0.0000
 1-4 VDW =     -149.6899  1-4 EEL =   -16225.8819  RESTRAINT  =        0.0000


   NSTEP       ENERGY          RMS            GMAX         NAME    NUMBER
   2000      -3.4511E+04     7.4800E-02     5.6105E+00     C1         73

 BOND    =       20.0485  ANGLE   =      217.2346  DIHED      =       81.3303
 VDWAALS =   -11902.4656  EEL     =    -6550.6415  HBOND      =        0.0000
 1-4 VDW =     -149.6884  1-4 EEL =   -16226.3535  RESTRAINT  =        0.0000


   NSTEP       ENERGY          RMS            GMAX         NAME    NUMBER
   2050      -3.4513E+04     6.3848E-02     3.6784E+00     C1         73

 BOND    =       20.5045  ANGLE   =      217.2112  DIHED      =       81.2481
 VDWAALS =   -11904.3059  EEL     =    -6551.2689  HBOND      =        0.0000
 1-4 VDW =     -149.6904  1-4 EEL =   -16226.8613  RESTRAINT  =        0.0000


   NSTEP       ENERGY          RMS            GMAX         NAME    NUMBER
   2100      -3.4516E+04     1.5542E-01     8.2769E+00     C1         73

 BOND    =       21.1322  ANGLE   =      217.3628  DIHED      =       81.2681
 VDWAALS =   -11906.7354  EEL     =    -6551.9220  HBOND      =        0.0000
 1-4 VDW =     -149.6885  1-4 EEL =   -16227.6802  RESTRAINT  =        0.0000


   NSTEP       ENERGY          RMS            GMAX         NAME    NUMBER
   2150      -3.4521E+04     2.7533E-01     1.2284E+01     C1       9976

 BOND    =       21.3156  ANGLE   =      217.6514  DIHED      =       81.1400
 VDWAALS =   -11910.6715  EEL     =    -6553.4991  HBOND      =        0.0000
 1-4 VDW =     -149.6813  1-4 EEL =   -16227.7011  RESTRAINT  =        0.0000


   NSTEP       ENERGY          RMS            GMAX         NAME    NUMBER
   2200      -3.4524E+04     1.2683E-01     9.3376E+00     C1         73

 BOND    =       20.0430  ANGLE   =      217.5684  DIHED      =       81.1766
 VDWAALS =   -11912.1472  EEL     =    -6554.7659  HBOND      =        0.0000
 1-4 VDW =     -149.6868  1-4 EEL =   -16226.4790  RESTRAINT  =        0.0000


   NSTEP       ENERGY          RMS            GMAX         NAME    NUMBER
   2250      -3.4526E+04     1.7838E-01     1.7307E+01     C1         73

 BOND    =       20.6728  ANGLE   =      217.3314  DIHED      =       81.1610
 VDWAALS =   -11913.4724  EEL     =    -6555.3628  HBOND      =        0.0000
 1-4 VDW =     -149.6853  1-4 EEL =   -16226.8786  RESTRAINT  =        0.0000


   NSTEP       ENERGY          RMS            GMAX         NAME    NUMBER
   2300      -3.4531E+04     1.9647E-01     1.0224E+01     O1         74

 BOND    =       20.6038  ANGLE   =      218.6761  DIHED      =       81.2145
 VDWAALS =   -11917.7605  EEL     =    -6557.2530  HBOND      =        0.0000
 1-4 VDW =     -149.7035  1-4 EEL =   -16226.8519  RESTRAINT  =        0.0000


   NSTEP       ENERGY          RMS            GMAX         NAME    NUMBER
   2350      -3.4534E+04     6.3582E-02     3.4707E+00     O1         74

 BOND    =       19.9979  ANGLE   =      217.3503  DIHED      =       81.2174
 VDWAALS =   -11918.9180  EEL     =    -6557.9913  HBOND      =        0.0000
 1-4 VDW =     -149.6916  1-4 EEL =   -16226.3950  RESTRAINT  =        0.0000


   NSTEP       ENERGY          RMS            GMAX         NAME    NUMBER
   2400      -3.4538E+04     1.4838E-01     7.1274E+00     C        9975

 BOND    =       20.9851  ANGLE   =      217.5563  DIHED      =       81.3238
 VDWAALS =   -11922.3749  EEL     =    -6558.7105  HBOND      =        0.0000
 1-4 VDW =     -149.6680  1-4 EEL =   -16227.2314  RESTRAINT  =        0.0000


   NSTEP       ENERGY          RMS            GMAX         NAME    NUMBER
   2450      -3.4549E+04     3.5806E-01     2.1126E+01     N1         75

 BOND    =       20.2199  ANGLE   =      217.8212  DIHED      =       86.4477
 VDWAALS =   -11933.8067  EEL     =    -6562.0299  HBOND      =        0.0000
 1-4 VDW =     -149.7068  1-4 EEL =   -16227.7712  RESTRAINT  =        0.0000


   NSTEP       ENERGY          RMS            GMAX         NAME    NUMBER
   2500      -3.4573E+04     4.3484E-01     2.4585E+01     C1         73

 BOND    =       20.7577  ANGLE   =      222.4379  DIHED      =       83.4022
 VDWAALS =   -11951.0466  EEL     =    -6571.1848  HBOND      =        0.0000
 1-4 VDW =     -149.6788  1-4 EEL =   -16227.1970  RESTRAINT  =        0.0000


   NSTEP       ENERGY          RMS            GMAX         NAME    NUMBER
   2550      -3.4584E+04     4.8987E-02     2.9300E+00     H1A        79

 BOND    =       20.8432  ANGLE   =      217.3123  DIHED      =       81.3881
 VDWAALS =   -11954.9750  EEL     =    -6571.7574  HBOND      =        0.0000
 1-4 VDW =     -149.6734  1-4 EEL =   -16227.0501  RESTRAINT  =        0.0000


   NSTEP       ENERGY          RMS            GMAX         NAME    NUMBER
   2600      -3.4588E+04     5.3522E-02     4.2782E+00     C1         73

 BOND    =       20.7696  ANGLE   =      217.2408  DIHED      =       81.3606
 VDWAALS =   -11957.7735  EEL     =    -6572.5128  HBOND      =        0.0000
 1-4 VDW =     -149.6722  1-4 EEL =   -16227.0478  RESTRAINT  =        0.0000


   NSTEP       ENERGY          RMS            GMAX         NAME    NUMBER
   2650      -3.4593E+04     5.4781E-02     5.3416E+00     C1         73

 BOND    =       20.6494  ANGLE   =      217.2560  DIHED      =       81.2002
 VDWAALS =   -11961.3294  EEL     =    -6573.9127  HBOND      =        0.0000
 1-4 VDW =     -149.6748  1-4 EEL =   -16226.8853  RESTRAINT  =        0.0000


   NSTEP       ENERGY          RMS            GMAX         NAME    NUMBER
   2700      -3.4599E+04     4.2674E-02     3.0221E+00     N1A        78

 BOND    =       20.6732  ANGLE   =      217.2592  DIHED      =       81.2300
 VDWAALS =   -11965.6082  EEL     =    -6575.4653  HBOND      =        0.0000
 1-4 VDW =     -149.6735  1-4 EEL =   -16226.9647  RESTRAINT  =        0.0000


   NSTEP       ENERGY          RMS            GMAX         NAME    NUMBER
   2750      -3.4614E+04     6.0593E-02     4.4892E+00     O1         74

 BOND    =       20.6436  ANGLE   =      217.2138  DIHED      =       81.5171
 VDWAALS =   -11976.7508  EEL     =    -6579.3433  HBOND      =        0.0000
 1-4 VDW =     -149.6748  1-4 EEL =   -16227.4037  RESTRAINT  =        0.0000


   NSTEP       ENERGY          RMS            GMAX         NAME    NUMBER
   2800      -3.4618E+04     6.7040E-02     4.9793E+00     N1         75

 BOND    =       21.0573  ANGLE   =      217.2628  DIHED      =       81.3140
 VDWAALS =   -11979.7270  EEL     =    -6580.0417  HBOND      =        0.0000
 1-4 VDW =     -149.6650  1-4 EEL =   -16227.8297  RESTRAINT  =        0.0000


   NSTEP       ENERGY          RMS            GMAX         NAME    NUMBER
   2850      -3.4622E+04     4.2441E-02     2.7209E+00     C1         73

 BOND    =       21.0280  ANGLE   =      217.3577  DIHED      =       81.1543
 VDWAALS =   -11982.3966  EEL     =    -6581.4432  HBOND      =        0.0000
 1-4 VDW =     -149.6738  1-4 EEL =   -16227.7004  RESTRAINT  =        0.0000


   NSTEP       ENERGY          RMS            GMAX         NAME    NUMBER
   2900      -3.4632E+04     1.3852E-01     7.5225E+00     N1A        78

 BOND    =       20.7545  ANGLE   =      217.1925  DIHED      =       81.2958
 VDWAALS =   -11989.7537  EEL     =    -6584.5342  HBOND      =        0.0000
 1-4 VDW =     -149.6629  1-4 EEL =   -16226.8771  RESTRAINT  =        0.0000


   NSTEP       ENERGY          RMS            GMAX         NAME    NUMBER
   2950      -3.4640E+04     9.6727E-02     6.8850E+00     C1         73

 BOND    =       21.1540  ANGLE   =      217.2564  DIHED      =       81.2491
 VDWAALS =   -11995.5625  EEL     =    -6586.9869  HBOND      =        0.0000
 1-4 VDW =     -149.6528  1-4 EEL =   -16227.3068  RESTRAINT  =        0.0000


   NSTEP       ENERGY          RMS            GMAX         NAME    NUMBER
   3000      -3.4644E+04     1.9080E-01     1.3225E+01     C1       9208

 BOND    =       21.6320  ANGLE   =      217.3307  DIHED      =       81.2556
 VDWAALS =   -11999.0219  EEL     =    -6587.6519  HBOND      =        0.0000
 1-4 VDW =     -149.6556  1-4 EEL =   -16228.1780  RESTRAINT  =        0.0000


   NSTEP       ENERGY          RMS            GMAX         NAME    NUMBER
   3050      -3.4647E+04     1.3272E-01     7.4804E+00     C1         73

 BOND    =       21.1391  ANGLE   =      217.3088  DIHED      =       81.2821
 VDWAALS =   -12000.2349  EEL     =    -6588.5287  HBOND      =        0.0000
 1-4 VDW =     -149.6582  1-4 EEL =   -16227.8312  RESTRAINT  =        0.0000


   NSTEP       ENERGY          RMS            GMAX         NAME    NUMBER
   3100      -3.4649E+04     1.1058E-01     8.2811E+00     N1A        78

 BOND    =       21.2937  ANGLE   =      217.3336  DIHED      =       81.2121
 VDWAALS =   -12002.0784  EEL     =    -6589.1919  HBOND      =        0.0000
 1-4 VDW =     -149.6573  1-4 EEL =   -16228.1085  RESTRAINT  =        0.0000


   NSTEP       ENERGY          RMS            GMAX         NAME    NUMBER
   3150      -3.4651E+04     4.3520E-02     1.7524E+00     C        5643

 BOND    =       21.0753  ANGLE   =      217.2949  DIHED      =       81.2085
 VDWAALS =   -12003.2903  EEL     =    -6589.9784  HBOND      =        0.0000
 1-4 VDW =     -149.6601  1-4 EEL =   -16227.7458  RESTRAINT  =        0.0000


   NSTEP       ENERGY          RMS            GMAX         NAME    NUMBER
   3200      -3.4658E+04     2.3759E-01     2.5218E+01     C1         73

 BOND    =       22.0176  ANGLE   =      219.0492  DIHED      =       81.3259
 VDWAALS =   -12010.3280  EEL     =    -6590.5826  HBOND      =        0.0000
 1-4 VDW =     -149.6332  1-4 EEL =   -16230.2063  RESTRAINT  =        0.0000


   NSTEP       ENERGY          RMS            GMAX         NAME    NUMBER
   3250      -3.4663E+04     1.8505E-01     1.9266E+01     C1         73

 BOND    =       20.8519  ANGLE   =      218.3215  DIHED      =       81.2534
 VDWAALS =   -12012.5287  EEL     =    -6596.0260  HBOND      =        0.0000
 1-4 VDW =     -149.6672  1-4 EEL =   -16225.5510  RESTRAINT  =        0.0000


   NSTEP       ENERGY          RMS            GMAX         NAME    NUMBER
   3300      -3.4667E+04     2.0948E-01     1.3004E+01     C1         73

 BOND    =       21.1752  ANGLE   =      217.9472  DIHED      =       81.2772
 VDWAALS =   -12014.9772  EEL     =    -6596.1909  HBOND      =        0.0000
 1-4 VDW =     -149.6656  1-4 EEL =   -16226.5804  RESTRAINT  =        0.0000


   NSTEP       ENERGY          RMS            GMAX         NAME    NUMBER
   3350      -3.4681E+04     5.1142E-01     4.5709E+01     C1       4810

 BOND    =       23.2420  ANGLE   =      222.6653  DIHED      =       81.8465
 VDWAALS =   -12029.9890  EEL     =    -6594.4410  HBOND      =        0.0000
 1-4 VDW =     -149.6082  1-4 EEL =   -16234.2714  RESTRAINT  =        0.0000


   NSTEP       ENERGY          RMS            GMAX         NAME    NUMBER
   3400      -3.4690E+04     7.4891E-02     3.6879E+00     H2       4814

 BOND    =       21.0412  ANGLE   =      217.5375  DIHED      =       81.3578
 VDWAALS =   -12031.5852  EEL     =    -6601.3516  HBOND      =        0.0000
 1-4 VDW =     -149.6613  1-4 EEL =   -16227.7551  RESTRAINT  =        0.0000


   NSTEP       ENERGY          RMS            GMAX         NAME    NUMBER
   3450      -3.4693E+04     1.8997E-01     1.3466E+01     C1       4810

 BOND    =       21.5936  ANGLE   =      218.1497  DIHED      =       81.2794
 VDWAALS =   -12034.3645  EEL     =    -6602.6971  HBOND      =        0.0000
 1-4 VDW =     -149.6468  1-4 EEL =   -16227.6968  RESTRAINT  =        0.0000


   NSTEP       ENERGY          RMS            GMAX         NAME    NUMBER
   3500      -3.4715E+04     3.2625E-01     1.7970E+01     C1       4810

 BOND    =       21.2784  ANGLE   =      221.5583  DIHED      =       81.4428
 VDWAALS =   -12051.1032  EEL     =    -6613.3587  HBOND      =        0.0000
 1-4 VDW =     -149.6666  1-4 EEL =   -16225.1387  RESTRAINT  =        0.0000


   NSTEP       ENERGY          RMS            GMAX         NAME    NUMBER
   3550      -3.4726E+04     1.0565E-01     6.2706E+00     C1       4810

 BOND    =       21.3200  ANGLE   =      217.3780  DIHED      =       81.4137
 VDWAALS =   -12057.1251  EEL     =    -6610.7870  HBOND      =        0.0000
 1-4 VDW =     -149.6521  1-4 EEL =   -16228.7154  RESTRAINT  =        0.0000


   NSTEP       ENERGY          RMS            GMAX         NAME    NUMBER
   3600      -3.4728E+04     2.9129E-01     2.3740E+01     N1A        78

 BOND    =       22.4789  ANGLE   =      217.2925  DIHED      =       81.2775
 VDWAALS =   -12059.1152  EEL     =    -6612.1011  HBOND      =        0.0000
 1-4 VDW =     -149.6400  1-4 EEL =   -16228.4332  RESTRAINT  =        0.0000


   NSTEP       ENERGY          RMS            GMAX         NAME    NUMBER
   3650      -3.4731E+04     3.9513E-02     1.9970E+00     C1         73

 BOND    =       21.3651  ANGLE   =      217.3367  DIHED      =       81.2222
 VDWAALS =   -12060.3861  EEL     =    -6612.5890  HBOND      =        0.0000
 1-4 VDW =     -149.6470  1-4 EEL =   -16228.4110  RESTRAINT  =        0.0000


   NSTEP       ENERGY          RMS            GMAX         NAME    NUMBER
   3700      -3.4734E+04     6.8581E-02     3.2632E+00     C1       4366

 BOND    =       21.2976  ANGLE   =      217.3741  DIHED      =       81.2316
 VDWAALS =   -12062.5093  EEL     =    -6613.7099  HBOND      =        0.0000
 1-4 VDW =     -149.6476  1-4 EEL =   -16228.1796  RESTRAINT  =        0.0000


   NSTEP       ENERGY          RMS            GMAX         NAME    NUMBER
   3750      -3.4736E+04     8.6808E-02     5.8021E+00     N1A        78

 BOND    =       21.3265  ANGLE   =      217.3175  DIHED      =       81.2249
 VDWAALS =   -12063.9146  EEL     =    -6614.4218  HBOND      =        0.0000
 1-4 VDW =     -149.6520  1-4 EEL =   -16228.1389  RESTRAINT  =        0.0000


   NSTEP       ENERGY          RMS            GMAX         NAME    NUMBER
   3800      -3.4740E+04     4.8867E-02     2.6662E+00     C1       4366

 BOND    =       21.1942  ANGLE   =      217.3541  DIHED      =       81.2313
 VDWAALS =   -12066.2510  EEL     =    -6615.4423  HBOND      =        0.0000
 1-4 VDW =     -149.6526  1-4 EEL =   -16227.9509  RESTRAINT  =        0.0000


   NSTEP       ENERGY          RMS            GMAX         NAME    NUMBER
   3850      -3.4745E+04     4.2244E-02     2.3084E+00     N1A        78

 BOND    =       21.2336  ANGLE   =      217.3585  DIHED      =       81.2347
 VDWAALS =   -12070.3217  EEL     =    -6616.8132  HBOND      =        0.0000
 1-4 VDW =     -149.6509  1-4 EEL =   -16228.0316  RESTRAINT  =        0.0000


   NSTEP       ENERGY          RMS            GMAX         NAME    NUMBER
   3900      -3.4748E+04     3.7717E-02     2.2843E+00     H2A        80

 BOND    =       21.2332  ANGLE   =      217.3733  DIHED      =       81.2409
 VDWAALS =   -12072.7252  EEL     =    -6617.6123  HBOND      =        0.0000
 1-4 VDW =     -149.6514  1-4 EEL =   -16228.0829  RESTRAINT  =        0.0000


   NSTEP       ENERGY          RMS            GMAX         NAME    NUMBER
   3950      -3.4752E+04     2.9742E-02     1.6358E+00     C1         73

 BOND    =       21.2683  ANGLE   =      217.3527  DIHED      =       81.2493
 VDWAALS =   -12075.4456  EEL     =    -6618.5700  HBOND      =        0.0000
 1-4 VDW =     -149.6496  1-4 EEL =   -16228.0096  RESTRAINT  =        0.0000


   NSTEP       ENERGY          RMS            GMAX         NAME    NUMBER
   4000      -3.4757E+04     4.3732E-02     2.5825E+00     N1         75

 BOND    =       21.3513  ANGLE   =      217.4358  DIHED      =       81.2658
 VDWAALS =   -12079.6530  EEL     =    -6620.0779  HBOND      =        0.0000
 1-4 VDW =     -149.6490  1-4 EEL =   -16228.0140  RESTRAINT  =        0.0000


   NSTEP       ENERGY          RMS            GMAX         NAME    NUMBER
   4050      -3.4760E+04     4.3015E-02     2.8541E+00     N1A        78

 BOND    =       21.1743  ANGLE   =      217.4265  DIHED      =       81.2843
 VDWAALS =   -12081.4583  EEL     =    -6621.0086  HBOND      =        0.0000
 1-4 VDW =     -149.6498  1-4 EEL =   -16227.5857  RESTRAINT  =        0.0000


   NSTEP       ENERGY          RMS            GMAX         NAME    NUMBER
   4100      -3.4763E+04     3.4688E-02     2.7790E+00     N1         75

 BOND    =       21.1618  ANGLE   =      217.4173  DIHED      =       81.2995
 VDWAALS =   -12083.5103  EEL     =    -6621.8242  HBOND      =        0.0000
 1-4 VDW =     -149.6499  1-4 EEL =   -16227.5077  RESTRAINT  =        0.0000


   NSTEP       ENERGY          RMS            GMAX         NAME    NUMBER
   4150      -3.4781E+04     6.0467E-02     2.8153E+00     H        4368

 BOND    =       21.3362  ANGLE   =      217.4122  DIHED      =       81.4623
 VDWAALS =   -12096.9616  EEL     =    -6626.6039  HBOND      =        0.0000
 1-4 VDW =     -149.6478  1-4 EEL =   -16227.9575  RESTRAINT  =        0.0000


   NSTEP       ENERGY          RMS            GMAX         NAME    NUMBER
   4200      -3.4783E+04     7.7994E-02     5.9547E+00     N1         75

 BOND    =       21.3761  ANGLE   =      217.4138  DIHED      =       81.3629
 VDWAALS =   -12099.0657  EEL     =    -6626.6530  HBOND      =        0.0000
 1-4 VDW =     -149.6426  1-4 EEL =   -16228.2045  RESTRAINT  =        0.0000


   NSTEP       ENERGY          RMS            GMAX         NAME    NUMBER
   4250      -3.4785E+04     4.5614E-02     2.8040E+00     N1A        78

 BOND    =       21.3522  ANGLE   =      217.4372  DIHED      =       81.3702
 VDWAALS =   -12100.0369  EEL     =    -6627.3563  HBOND      =        0.0000
 1-4 VDW =     -149.6428  1-4 EEL =   -16228.0906  RESTRAINT  =        0.0000


   NSTEP       ENERGY          RMS            GMAX         NAME    NUMBER
   4300      -3.4787E+04     1.3676E-01     1.3997E+01     C1         57

 BOND    =       21.4365  ANGLE   =      217.3561  DIHED      =       81.3398
 VDWAALS =   -12101.8283  EEL     =    -6627.9493  HBOND      =        0.0000
 1-4 VDW =     -149.6397  1-4 EEL =   -16228.1555  RESTRAINT  =        0.0000


   NSTEP       ENERGY          RMS            GMAX         NAME    NUMBER
   4350      -3.4789E+04     1.3198E-01     9.4793E+00     C1       4810

 BOND    =       21.7518  ANGLE   =      217.3242  DIHED      =       81.3235
 VDWAALS =   -12103.1748  EEL     =    -6628.1609  HBOND      =        0.0000
 1-4 VDW =     -149.6389  1-4 EEL =   -16228.6823  RESTRAINT  =        0.0000


   NSTEP       ENERGY          RMS            GMAX         NAME    NUMBER
   4400      -3.4791E+04     4.9156E-02     2.8351E+00     C1       4810

 BOND    =       21.6290  ANGLE   =      217.4738  DIHED      =       81.4857
 VDWAALS =   -12104.4848  EEL     =    -6628.5439  HBOND      =        0.0000
 1-4 VDW =     -149.6420  1-4 EEL =   -16229.0990  RESTRAINT  =        0.0000


   NSTEP       ENERGY          RMS            GMAX         NAME    NUMBER
   4450      -3.4793E+04     6.8612E-02     6.4458E+00     C1         73

 BOND    =       21.6415  ANGLE   =      217.4839  DIHED      =       81.3477
 VDWAALS =   -12105.6343  EEL     =    -6629.1218  HBOND      =        0.0000
 1-4 VDW =     -149.6422  1-4 EEL =   -16228.9669  RESTRAINT  =        0.0000


   NSTEP       ENERGY          RMS            GMAX         NAME    NUMBER
   4500      -3.4795E+04     4.3441E-02     2.4478E+00     H1         20

 BOND    =       21.7950  ANGLE   =      217.4701  DIHED      =       81.3511
 VDWAALS =   -12107.0611  EEL     =    -6629.9785  HBOND      =        0.0000
 1-4 VDW =     -149.6425  1-4 EEL =   -16228.8461  RESTRAINT  =        0.0000


   NSTEP       ENERGY          RMS            GMAX         NAME    NUMBER
   4550      -3.4798E+04     3.6908E-02     1.7984E+00     C1         73

 BOND    =       21.5475  ANGLE   =      217.4393  DIHED      =       81.3547
 VDWAALS =   -12109.1698  EEL     =    -6630.8633  HBOND      =        0.0000
 1-4 VDW =     -149.6412  1-4 EEL =   -16228.5363  RESTRAINT  =        0.0000


   NSTEP       ENERGY          RMS            GMAX         NAME    NUMBER
   4600      -3.4800E+04     3.0465E-02     1.2901E+00     H1         76

 BOND    =       21.5520  ANGLE   =      217.3896  DIHED      =       81.3578
 VDWAALS =   -12110.7811  EEL     =    -6631.5554  HBOND      =        0.0000
 1-4 VDW =     -149.6405  1-4 EEL =   -16228.4249  RESTRAINT  =        0.0000


   NSTEP       ENERGY          RMS            GMAX         NAME    NUMBER
   4650      -3.4804E+04     3.4487E-02     2.4002E+00     N1A        22

 BOND    =       21.3532  ANGLE   =      217.4230  DIHED      =       81.3643
 VDWAALS =   -12113.5828  EEL     =    -6632.9343  HBOND      =        0.0000
 1-4 VDW =     -149.6403  1-4 EEL =   -16227.9347  RESTRAINT  =        0.0000


   NSTEP       ENERGY          RMS            GMAX         NAME    NUMBER
   4700      -3.4814E+04     2.4688E-02     1.4089E+00     O1         74

 BOND    =       21.3041  ANGLE   =      217.4536  DIHED      =       81.3612
 VDWAALS =   -12120.7577  EEL     =    -6635.3241  HBOND      =        0.0000
 1-4 VDW =     -149.6392  1-4 EEL =   -16227.9964  RESTRAINT  =        0.0000


   NSTEP       ENERGY          RMS            GMAX         NAME    NUMBER
   4750      -3.4821E+04     2.6258E-02     1.0742E+00     C1         73

 BOND    =       21.5285  ANGLE   =      217.4119  DIHED      =       81.3633
 VDWAALS =   -12126.2088  EEL     =    -6637.7151  HBOND      =        0.0000
 1-4 VDW =     -149.6368  1-4 EEL =   -16228.0426  RESTRAINT  =        0.0000


   NSTEP       ENERGY          RMS            GMAX         NAME    NUMBER
   4800      -3.4827E+04     3.2109E-02     1.8012E+00     C        4809

 BOND    =       21.5070  ANGLE   =      217.4567  DIHED      =       81.3442
 VDWAALS =   -12130.3710  EEL     =    -6639.1988  HBOND      =        0.0000
 1-4 VDW =     -149.6383  1-4 EEL =   -16227.8865  RESTRAINT  =        0.0000


   NSTEP       ENERGY          RMS            GMAX         NAME    NUMBER
   4850      -3.4827E+04     7.6284E-02     4.7531E+00     C1       4810

 BOND    =       21.1172  ANGLE   =      217.5538  DIHED      =       81.3435
 VDWAALS =   -12130.7717  EEL     =    -6639.6588  HBOND      =        0.0000
 1-4 VDW =     -149.6389  1-4 EEL =   -16227.4080  RESTRAINT  =        0.0000


   NSTEP       ENERGY          RMS            GMAX         NAME    NUMBER
   4900      -3.4829E+04     5.2681E-02     2.8628E+00     C        4809

 BOND    =       21.6143  ANGLE   =      217.5112  DIHED      =       81.3210
 VDWAALS =   -12131.7359  EEL     =    -6639.8682  HBOND      =        0.0000
 1-4 VDW =     -149.6376  1-4 EEL =   -16227.9276  RESTRAINT  =        0.0000


   NSTEP       ENERGY          RMS            GMAX         NAME    NUMBER
   4950      -3.4830E+04     8.9923E-02     6.2806E+00     C1       4810

 BOND    =       21.5482  ANGLE   =      217.4543  DIHED      =       81.3182
 VDWAALS =   -12132.2740  EEL     =    -6640.1074  HBOND      =        0.0000
 1-4 VDW =     -149.6374  1-4 EEL =   -16227.8390  RESTRAINT  =        0.0000


   NSTEP       ENERGY          RMS            GMAX         NAME    NUMBER
   5000      -3.4835E+04     2.1507E-01     1.0565E+01     C1         73

 BOND    =       21.6108  ANGLE   =      217.6166  DIHED      =       81.2982
 VDWAALS =   -12136.3310  EEL     =    -6641.5483  HBOND      =        0.0000
 1-4 VDW =     -149.6365  1-4 EEL =   -16227.7833  RESTRAINT  =        0.0000


   NSTEP       ENERGY          RMS            GMAX         NAME    NUMBER
   5050      -3.4843E+04     2.7150E-01     1.3508E+01     C1         17

 BOND    =       22.1877  ANGLE   =      218.8571  DIHED      =       81.3507
 VDWAALS =   -12142.9477  EEL     =    -6644.2783  HBOND      =        0.0000
 1-4 VDW =     -149.6268  1-4 EEL =   -16228.0605  RESTRAINT  =        0.0000


   NSTEP       ENERGY          RMS            GMAX         NAME    NUMBER
   5100      -3.4848E+04     1.7167E-01     8.5613E+00     C1         73

 BOND    =       22.0643  ANGLE   =      218.0441  DIHED      =       81.4525
 VDWAALS =   -12146.9701  EEL     =    -6644.7211  HBOND      =        0.0000
 1-4 VDW =     -149.6446  1-4 EEL =   -16228.7148  RESTRAINT  =        0.0000


   NSTEP       ENERGY          RMS            GMAX         NAME    NUMBER
   5150      -3.4851E+04     8.7071E-02     5.3132E+00     C1         73

 BOND    =       21.7751  ANGLE   =      217.5649  DIHED      =       81.5033
 VDWAALS =   -12148.3307  EEL     =    -6646.6602  HBOND      =        0.0000
 1-4 VDW =     -149.6367  1-4 EEL =   -16227.6812  RESTRAINT  =        0.0000


   NSTEP       ENERGY          RMS            GMAX         NAME    NUMBER
   5200      -3.4853E+04     9.8522E-02     6.8067E+00     C1         73

 BOND    =       21.7956  ANGLE   =      217.5920  DIHED      =       81.3194
 VDWAALS =   -12149.6972  EEL     =    -6646.8841  HBOND      =        0.0000
 1-4 VDW =     -149.6367  1-4 EEL =   -16227.7150  RESTRAINT  =        0.0000


   NSTEP       ENERGY          RMS            GMAX         NAME    NUMBER
   5250      -3.4855E+04     9.9556E-02     6.4863E+00     N1         75

 BOND    =       21.4027  ANGLE   =      217.8265  DIHED      =       81.3461
 VDWAALS =   -12150.7833  EEL     =    -6647.4207  HBOND      =        0.0000
 1-4 VDW =     -149.6354  1-4 EEL =   -16227.4032  RESTRAINT  =        0.0000


   NSTEP       ENERGY          RMS            GMAX         NAME    NUMBER
   5300      -3.4856E+04     7.9160E-02     3.6562E+00     N1         75

 BOND    =       21.2009  ANGLE   =      217.8820  DIHED      =       81.3622
 VDWAALS =   -12152.0247  EEL     =    -6647.8022  HBOND      =        0.0000
 1-4 VDW =     -149.6345  1-4 EEL =   -16227.3565  RESTRAINT  =        0.0000

     ... RESTARTED DUE TO LINMIN FAILURE ...


   NSTEP       ENERGY          RMS            GMAX         NAME    NUMBER
   5350      -3.4857E+04     3.6547E-02     2.3358E+00     N1A        78

 BOND    =       21.4642  ANGLE   =      217.6377  DIHED      =       81.3733
 VDWAALS =   -12152.6414  EEL     =    -6647.7452  HBOND      =        0.0000
 1-4 VDW =     -149.6354  1-4 EEL =   -16227.7845  RESTRAINT  =        0.0000


   NSTEP       ENERGY          RMS            GMAX         NAME    NUMBER
   5400      -3.4859E+04     8.5780E-02     6.7906E+00     N1         75

 BOND    =       21.1489  ANGLE   =      217.7936  DIHED      =       81.3808
 VDWAALS =   -12153.5806  EEL     =    -6648.0596  HBOND      =        0.0000
 1-4 VDW =     -149.6336  1-4 EEL =   -16227.5616  RESTRAINT  =        0.0000


   NSTEP       ENERGY          RMS            GMAX         NAME    NUMBER
   5450      -3.4860E+04     4.7598E-02     3.1070E+00     O1         74

 BOND    =       21.5385  ANGLE   =      217.5444  DIHED      =       81.3631
 VDWAALS =   -12154.1902  EEL     =    -6648.1975  HBOND      =        0.0000
 1-4 VDW =     -149.6350  1-4 EEL =   -16227.9353  RESTRAINT  =        0.0000


   NSTEP       ENERGY          RMS            GMAX         NAME    NUMBER
   5500      -3.4862E+04     4.1135E-02     2.3704E+00     C1         73

 BOND    =       21.4967  ANGLE   =      217.5539  DIHED      =       81.3701
 VDWAALS =   -12155.6990  EEL     =    -6648.7182  HBOND      =        0.0000
 1-4 VDW =     -149.6358  1-4 EEL =   -16227.9040  RESTRAINT  =        0.0000


   NSTEP       ENERGY          RMS            GMAX         NAME    NUMBER
   5550      -3.4866E+04     2.8412E-01     1.8634E+01     N1         75

 BOND    =       21.8268  ANGLE   =      218.4655  DIHED      =       81.3883
 VDWAALS =   -12160.0175  EEL     =    -6650.4046  HBOND      =        0.0000
 1-4 VDW =     -149.6475  1-4 EEL =   -16227.7578  RESTRAINT  =        0.0000


   NSTEP       ENERGY          RMS            GMAX         NAME    NUMBER
   5600      -3.4868E+04     3.3380E-02     2.1504E+00     C1         73

 BOND    =       21.4884  ANGLE   =      217.6058  DIHED      =       81.3629
 VDWAALS =   -12160.6433  EEL     =    -6650.4156  HBOND      =        0.0000
 1-4 VDW =     -149.6364  1-4 EEL =   -16227.8176  RESTRAINT  =        0.0000


   NSTEP       ENERGY          RMS            GMAX         NAME    NUMBER
   5650      -3.4870E+04     5.5891E-02     3.9205E+00     C1         73

 BOND    =       21.4347  ANGLE   =      217.6535  DIHED      =       81.3891
 VDWAALS =   -12162.0135  EEL     =    -6650.8859  HBOND      =        0.0000
 1-4 VDW =     -149.6326  1-4 EEL =   -16227.7479  RESTRAINT  =        0.0000


   NSTEP       ENERGY          RMS            GMAX         NAME    NUMBER
   5700      -3.4871E+04     8.1906E-02     7.6103E+00     N1A        78

 BOND    =       21.5518  ANGLE   =      217.9072  DIHED      =       81.3312
 VDWAALS =   -12163.2641  EEL     =    -6651.2502  HBOND      =        0.0000
 1-4 VDW =     -149.6357  1-4 EEL =   -16228.0665  RESTRAINT  =        0.0000


   NSTEP       ENERGY          RMS            GMAX         NAME    NUMBER
   5750      -3.4872E+04     7.9623E-02     6.0658E+00     C1         73

 BOND    =       21.1558  ANGLE   =      217.6568  DIHED      =       81.3678
 VDWAALS =   -12163.6277  EEL     =    -6651.6011  HBOND      =        0.0000
 1-4 VDW =     -149.6424  1-4 EEL =   -16227.6324  RESTRAINT  =        0.0000


   NSTEP       ENERGY          RMS            GMAX         NAME    NUMBER
   5800      -3.4878E+04     3.2095E-02     1.5413E+00     C1         73

 BOND    =       21.6162  ANGLE   =      217.5764  DIHED      =       81.3681
 VDWAALS =   -12167.8306  EEL     =    -6652.8461  HBOND      =        0.0000
 1-4 VDW =     -149.6321  1-4 EEL =   -16227.8898  RESTRAINT  =        0.0000


   NSTEP       ENERGY          RMS            GMAX         NAME    NUMBER
   5850      -3.4880E+04     5.4217E-02     3.2430E+00     C1         73

 BOND    =       21.4829  ANGLE   =      217.5697  DIHED      =       81.3650
 VDWAALS =   -12169.3323  EEL     =    -6653.4384  HBOND      =        0.0000
 1-4 VDW =     -149.6346  1-4 EEL =   -16227.8032  RESTRAINT  =        0.0000


   NSTEP       ENERGY          RMS            GMAX         NAME    NUMBER
   5900      -3.4897E+04     3.8601E-01     2.0201E+01     C1       4714

 BOND    =       20.2930  ANGLE   =      221.1453  DIHED      =       81.6198
 VDWAALS =   -12185.9355  EEL     =    -6661.1723  HBOND      =        0.0000
 1-4 VDW =     -149.7071  1-4 EEL =   -16223.3876  RESTRAINT  =        0.0000


   NSTEP       ENERGY          RMS            GMAX         NAME    NUMBER
   5950      -3.4906E+04     1.4800E-01     7.9738E+00     C1        802

 BOND    =       21.8420  ANGLE   =      218.0147  DIHED      =       81.3198
 VDWAALS =   -12190.6062  EEL     =    -6659.1381  HBOND      =        0.0000
 1-4 VDW =     -149.6171  1-4 EEL =   -16227.6243  RESTRAINT  =        0.0000


   NSTEP       ENERGY          RMS            GMAX         NAME    NUMBER
   6000      -3.4909E+04     1.3300E-01     1.0001E+01     C1         73

 BOND    =       21.1290  ANGLE   =      218.1434  DIHED      =       81.3800
 VDWAALS =   -12192.1493  EEL     =    -6660.1566  HBOND      =        0.0000
 1-4 VDW =     -149.6346  1-4 EEL =   -16227.3634  RESTRAINT  =        0.0000


   NSTEP       ENERGY          RMS            GMAX         NAME    NUMBER
   6050      -3.4910E+04     1.0714E-01     6.7073E+00     C1       1294

 BOND    =       21.3703  ANGLE   =      217.8571  DIHED      =       81.3060
 VDWAALS =   -12192.8619  EEL     =    -6660.1790  HBOND      =        0.0000
 1-4 VDW =     -149.6311  1-4 EEL =   -16227.6616  RESTRAINT  =        0.0000


   NSTEP       ENERGY          RMS            GMAX         NAME    NUMBER
   6100      -3.4911E+04     6.2848E-02     4.3325E+00     N1         75

 BOND    =       21.1850  ANGLE   =      217.7525  DIHED      =       81.3349
 VDWAALS =   -12193.8694  EEL     =    -6660.3045  HBOND      =        0.0000
 1-4 VDW =     -149.6280  1-4 EEL =   -16227.5261  RESTRAINT  =        0.0000


   NSTEP       ENERGY          RMS            GMAX         NAME    NUMBER
   6150      -3.4913E+04     5.3087E-02     5.9881E+00     C1         73

 BOND    =       21.5032  ANGLE   =      217.7335  DIHED      =       81.3298
 VDWAALS =   -12195.7959  EEL     =    -6660.5631  HBOND      =        0.0000
 1-4 VDW =     -149.6283  1-4 EEL =   -16227.8799  RESTRAINT  =        0.0000


   NSTEP       ENERGY          RMS            GMAX         NAME    NUMBER
   6200      -3.4915E+04     3.0744E-02     2.1295E+00     C1       1294

 BOND    =       21.4407  ANGLE   =      217.7292  DIHED      =       81.3392
 VDWAALS =   -12196.8134  EEL     =    -6661.0273  HBOND      =        0.0000
 1-4 VDW =     -149.6289  1-4 EEL =   -16227.5623  RESTRAINT  =        0.0000


   NSTEP       ENERGY          RMS            GMAX         NAME    NUMBER
   6250      -3.4915E+04     4.5325E-02     4.4328E+00     C1         73

 BOND    =       21.4445  ANGLE   =      217.6972  DIHED      =       81.3292
 VDWAALS =   -12197.4058  EEL     =    -6660.7159  HBOND      =        0.0000
 1-4 VDW =     -149.6278  1-4 EEL =   -16227.9781  RESTRAINT  =        0.0000


   NSTEP       ENERGY          RMS            GMAX         NAME    NUMBER
   6300      -3.4916E+04     6.8492E-02     3.6959E+00     H1         76

 BOND    =       21.7136  ANGLE   =      217.7128  DIHED      =       81.3315
 VDWAALS =   -12198.6089  EEL     =    -6661.0347  HBOND      =        0.0000
 1-4 VDW =     -149.6257  1-4 EEL =   -16227.9474  RESTRAINT  =        0.0000


   NSTEP       ENERGY          RMS            GMAX         NAME    NUMBER
   6350      -3.4917E+04     9.4647E-02     9.9483E+00     C1       1294

 BOND    =       21.8048  ANGLE   =      217.6526  DIHED      =       81.3305
 VDWAALS =   -12199.0741  EEL     =    -6661.3037  HBOND      =        0.0000
 1-4 VDW =     -149.6254  1-4 EEL =   -16227.8947  RESTRAINT  =        0.0000


   NSTEP       ENERGY          RMS            GMAX         NAME    NUMBER
   6400      -3.4928E+04     3.4801E-02     1.5657E+00     C1         73

 BOND    =       21.8768  ANGLE   =      217.6433  DIHED      =       81.3134
 VDWAALS =   -12208.3205  EEL     =    -6662.3675  HBOND      =        0.0000
 1-4 VDW =     -149.6217  1-4 EEL =   -16228.1960  RESTRAINT  =        0.0000


   NSTEP       ENERGY          RMS            GMAX         NAME    NUMBER
   6450      -3.4931E+04     4.0838E-02     2.8842E+00     C1         73

 BOND    =       21.7689  ANGLE   =      217.6873  DIHED      =       81.3165
 VDWAALS =   -12210.6201  EEL     =    -6663.1735  HBOND      =        0.0000
 1-4 VDW =     -149.6199  1-4 EEL =   -16228.1239  RESTRAINT  =        0.0000


   NSTEP       ENERGY          RMS            GMAX         NAME    NUMBER
   6500      -3.4933E+04     2.7902E-02     1.4438E+00     C1       1294

 BOND    =       21.7543  ANGLE   =      217.6633  DIHED      =       81.3168
 VDWAALS =   -12212.5449  EEL     =    -6663.3494  HBOND      =        0.0000
 1-4 VDW =     -149.6223  1-4 EEL =   -16228.1612  RESTRAINT  =        0.0000


   NSTEP       ENERGY          RMS            GMAX         NAME    NUMBER
   6550      -3.4936E+04     7.4489E-02     7.0473E+00     C1         73

 BOND    =       21.6687  ANGLE   =      217.7147  DIHED      =       81.3155
 VDWAALS =   -12215.0240  EEL     =    -6664.1495  HBOND      =        0.0000
 1-4 VDW =     -149.6269  1-4 EEL =   -16227.9946  RESTRAINT  =        0.0000


   NSTEP       ENERGY          RMS            GMAX         NAME    NUMBER
   6600      -3.4938E+04     8.5749E-02     6.3437E+00     C1         73

 BOND    =       21.8457  ANGLE   =      217.7313  DIHED      =       81.3125
 VDWAALS =   -12216.3855  EEL     =    -6664.0618  HBOND      =        0.0000
 1-4 VDW =     -149.6254  1-4 EEL =   -16228.3737  RESTRAINT  =        0.0000


   NSTEP       ENERGY          RMS            GMAX         NAME    NUMBER
   6650      -3.4939E+04     2.2926E-01     1.8171E+01     N1         75

 BOND    =       21.3850  ANGLE   =      218.0032  DIHED      =       81.3152
 VDWAALS =   -12217.4356  EEL     =    -6664.3199  HBOND      =        0.0000
 1-4 VDW =     -149.6331  1-4 EEL =   -16227.9889  RESTRAINT  =        0.0000


   NSTEP       ENERGY          RMS            GMAX         NAME    NUMBER
   6700      -3.4940E+04     5.8713E-02     4.1458E+00     C1      12166

 BOND    =       21.7088  ANGLE   =      217.6936  DIHED      =       81.3157
 VDWAALS =   -12218.5876  EEL     =    -6664.6493  HBOND      =        0.0000
 1-4 VDW =     -149.6274  1-4 EEL =   -16228.1929  RESTRAINT  =        0.0000


   NSTEP       ENERGY          RMS            GMAX         NAME    NUMBER
   6750      -3.4942E+04     1.1058E-01     1.0040E+01     C1         73

 BOND    =       21.9455  ANGLE   =      217.7106  DIHED      =       81.3176
 VDWAALS =   -12219.9217  EEL     =    -6664.8927  HBOND      =        0.0000
 1-4 VDW =     -149.6251  1-4 EEL =   -16228.3001  RESTRAINT  =        0.0000


   NSTEP       ENERGY          RMS            GMAX         NAME    NUMBER
   6800      -3.4943E+04     1.2913E-01     6.6238E+00     N1A        78

 BOND    =       21.8202  ANGLE   =      217.6423  DIHED      =       81.3202
 VDWAALS =   -12221.0237  EEL     =    -6665.2209  HBOND      =        0.0000
 1-4 VDW =     -149.6242  1-4 EEL =   -16228.1137  RESTRAINT  =        0.0000


   NSTEP       ENERGY          RMS            GMAX         NAME    NUMBER
   6850      -3.4945E+04     6.7389E-02     4.0452E+00     N1A        78

 BOND    =       21.6657  ANGLE   =      217.6884  DIHED      =       81.3213
 VDWAALS =   -12222.1289  EEL     =    -6665.5325  HBOND      =        0.0000
 1-4 VDW =     -149.6259  1-4 EEL =   -16228.0792  RESTRAINT  =        0.0000


   NSTEP       ENERGY          RMS            GMAX         NAME    NUMBER
   6900      -3.4946E+04     5.5033E-02     4.5750E+00     H2         77

 BOND    =       21.7762  ANGLE   =      217.6695  DIHED      =       81.3184
 VDWAALS =   -12223.4126  EEL     =    -6665.7500  HBOND      =        0.0000
 1-4 VDW =     -149.6242  1-4 EEL =   -16228.2055  RESTRAINT  =        0.0000


   NSTEP       ENERGY          RMS            GMAX         NAME    NUMBER
   6950      -3.4948E+04     4.9502E-02     5.5389E+00     C1         73

 BOND    =       21.7922  ANGLE   =      217.6808  DIHED      =       81.3175
 VDWAALS =   -12224.4417  EEL     =    -6666.0035  HBOND      =        0.0000
 1-4 VDW =     -149.6226  1-4 EEL =   -16228.2483  RESTRAINT  =        0.0000


   NSTEP       ENERGY          RMS            GMAX         NAME    NUMBER
   7000      -3.4950E+04     9.8657E-02     5.9727E+00     N1A        78

 BOND    =       21.9122  ANGLE   =      217.8237  DIHED      =       81.3162
 VDWAALS =   -12226.1923  EEL     =    -6666.5072  HBOND      =        0.0000
 1-4 VDW =     -149.6202  1-4 EEL =   -16228.2597  RESTRAINT  =        0.0000


   NSTEP       ENERGY          RMS            GMAX         NAME    NUMBER
   7050      -3.4952E+04     3.4654E-02     2.6794E+00     C1         73

 BOND    =       21.6771  ANGLE   =      217.6854  DIHED      =       81.3228
 VDWAALS =   -12227.7798  EEL     =    -6666.9672  HBOND      =        0.0000
 1-4 VDW =     -149.6254  1-4 EEL =   -16228.0811  RESTRAINT  =        0.0000


   NSTEP       ENERGY          RMS            GMAX         NAME    NUMBER
   7100      -3.4955E+04     3.4482E-02     3.1433E+00     N1A        78

 BOND    =       21.5556  ANGLE   =      217.7303  DIHED      =       81.3261
 VDWAALS =   -12230.5234  EEL     =    -6667.6105  HBOND      =        0.0000
 1-4 VDW =     -149.6233  1-4 EEL =   -16228.0365  RESTRAINT  =        0.0000


   NSTEP       ENERGY          RMS            GMAX         NAME    NUMBER
   7150      -3.4959E+04     8.8800E-02     1.0209E+01     C1         73

 BOND    =       21.8436  ANGLE   =      217.7821  DIHED      =       81.3317
 VDWAALS =   -12233.9164  EEL     =    -6668.1072  HBOND      =        0.0000
 1-4 VDW =     -149.6214  1-4 EEL =   -16228.5381  RESTRAINT  =        0.0000


   NSTEP       ENERGY          RMS            GMAX         NAME    NUMBER
   7200      -3.4961E+04     7.7733E-02     8.5684E+00     C1         73

 BOND    =       21.5634  ANGLE   =      217.8155  DIHED      =       81.3394
 VDWAALS =   -12234.9998  EEL     =    -6668.3999  HBOND      =        0.0000
 1-4 VDW =     -149.6240  1-4 EEL =   -16228.3110  RESTRAINT  =        0.0000


   NSTEP       ENERGY          RMS            GMAX         NAME    NUMBER
   7250      -3.4962E+04     3.7948E-02     3.1165E+00     H2         77

 BOND    =       21.7815  ANGLE   =      217.7187  DIHED      =       81.3312
 VDWAALS =   -12236.1982  EEL     =    -6668.7054  HBOND      =        0.0000
 1-4 VDW =     -149.6209  1-4 EEL =   -16228.5119  RESTRAINT  =        0.0000


   NSTEP       ENERGY          RMS            GMAX         NAME    NUMBER
   7300      -3.4964E+04     4.8412E-02     3.4990E+00     C1         73

 BOND    =       21.6302  ANGLE   =      217.7142  DIHED      =       81.3368
 VDWAALS =   -12237.3598  EEL     =    -6669.2863  HBOND      =        0.0000
 1-4 VDW =     -149.6204  1-4 EEL =   -16228.1585  RESTRAINT  =        0.0000


   NSTEP       ENERGY          RMS            GMAX         NAME    NUMBER
   7350      -3.4965E+04     4.5577E-02     3.4041E+00     H2A        80

 BOND    =       21.6645  ANGLE   =      217.7599  DIHED      =       81.3376
 VDWAALS =   -12238.6399  EEL     =    -6669.3683  HBOND      =        0.0000
 1-4 VDW =     -149.6178  1-4 EEL =   -16228.3946  RESTRAINT  =        0.0000


   NSTEP       ENERGY          RMS            GMAX         NAME    NUMBER
   7400      -3.4967E+04     9.8836E-02     6.7013E+00     C        1293

 BOND    =       22.0717  ANGLE   =      217.7079  DIHED      =       81.3330
 VDWAALS =   -12239.9868  EEL     =    -6669.4810  HBOND      =        0.0000
 1-4 VDW =     -149.6163  1-4 EEL =   -16228.7833  RESTRAINT  =        0.0000


   NSTEP       ENERGY          RMS            GMAX         NAME    NUMBER
   7450      -3.4968E+04     6.2017E-02     5.1250E+00     N1A        78

 BOND    =       21.7265  ANGLE   =      217.7060  DIHED      =       81.3443
 VDWAALS =   -12240.9528  EEL     =    -6670.2138  HBOND      =        0.0000
 1-4 VDW =     -149.6184  1-4 EEL =   -16228.2061  RESTRAINT  =        0.0000


   NSTEP       ENERGY          RMS            GMAX         NAME    NUMBER
   7500      -3.4971E+04     3.4642E-02     2.2237E+00     N1         75

 BOND    =       21.7014  ANGLE   =      217.7206  DIHED      =       81.3447
 VDWAALS =   -12242.9937  EEL     =    -6670.7792  HBOND      =        0.0000
 1-4 VDW =     -149.6180  1-4 EEL =   -16228.1823  RESTRAINT  =        0.0000


   NSTEP       ENERGY          RMS            GMAX         NAME    NUMBER
   7550      -3.4973E+04     2.8243E-02     2.3930E+00     C1         73

 BOND    =       21.8223  ANGLE   =      217.6842  DIHED      =       81.3454
 VDWAALS =   -12245.0508  EEL     =    -6671.2825  HBOND      =        0.0000
 1-4 VDW =     -149.6192  1-4 EEL =   -16228.2655  RESTRAINT  =        0.0000


   NSTEP       ENERGY          RMS            GMAX         NAME    NUMBER
   7600      -3.4977E+04     4.2690E-02     2.9249E+00     N1A        78

 BOND    =       21.7453  ANGLE   =      217.7066  DIHED      =       81.3521
 VDWAALS =   -12247.9487  EEL     =    -6671.9095  HBOND      =        0.0000
 1-4 VDW =     -149.6196  1-4 EEL =   -16228.2532  RESTRAINT  =        0.0000


   NSTEP       ENERGY          RMS            GMAX         NAME    NUMBER
   7650      -3.4979E+04     1.6311E-01     8.6015E+00     C1       5650

 BOND    =       22.3091  ANGLE   =      218.2536  DIHED      =       81.3719
 VDWAALS =   -12250.3645  EEL     =    -6671.5753  HBOND      =        0.0000
 1-4 VDW =     -149.6064  1-4 EEL =   -16229.2752  RESTRAINT  =        0.0000


   NSTEP       ENERGY          RMS            GMAX         NAME    NUMBER
   7700      -3.4983E+04     1.9726E-01     1.3870E+01     C1         73

 BOND    =       22.1116  ANGLE   =      218.8018  DIHED      =       81.3597
 VDWAALS =   -12253.8159  EEL     =    -6671.4866  HBOND      =        0.0000
 1-4 VDW =     -149.6093  1-4 EEL =   -16229.9266  RESTRAINT  =        0.0000


   NSTEP       ENERGY          RMS            GMAX         NAME    NUMBER
   7750      -3.4992E+04     3.5692E-01     2.9633E+01     O1         74

 BOND    =       22.7075  ANGLE   =      220.7838  DIHED      =       81.5576
 VDWAALS =   -12264.6282  EEL     =    -6672.4824  HBOND      =        0.0000
 1-4 VDW =     -149.6153  1-4 EEL =   -16230.4869  RESTRAINT  =        0.0000


   NSTEP       ENERGY          RMS            GMAX         NAME    NUMBER
   7800      -3.5001E+04     2.0030E-01     1.3422E+01     C1         73

 BOND    =       21.8847  ANGLE   =      218.7907  DIHED      =       81.3978
 VDWAALS =   -12268.3135  EEL     =    -6678.0464  HBOND      =        0.0000
 1-4 VDW =     -149.6102  1-4 EEL =   -16227.5153  RESTRAINT  =        0.0000


   NSTEP       ENERGY          RMS            GMAX         NAME    NUMBER
   7850      -3.5005E+04     2.5596E-01     1.6091E+01     C1       3862

 BOND    =       21.9987  ANGLE   =      218.0532  DIHED      =       81.8711
 VDWAALS =   -12271.5485  EEL     =    -6677.1773  HBOND      =        0.0000
 1-4 VDW =     -149.5984  1-4 EEL =   -16228.9173  RESTRAINT  =        0.0000


   NSTEP       ENERGY          RMS            GMAX         NAME    NUMBER
   7900      -3.5008E+04     6.0068E-02     5.1193E+00     O1         74

 BOND    =       21.6850  ANGLE   =      217.7628  DIHED      =       81.4720
 VDWAALS =   -12273.1901  EEL     =    -6678.1278  HBOND      =        0.0000
 1-4 VDW =     -149.6143  1-4 EEL =   -16228.3252  RESTRAINT  =        0.0000


   NSTEP       ENERGY          RMS            GMAX         NAME    NUMBER
   7950      -3.5010E+04     3.2743E-02     2.2614E+00     N1         75

 BOND    =       21.7520  ANGLE   =      217.7623  DIHED      =       81.3794
 VDWAALS =   -12274.2195  EEL     =    -6679.1060  HBOND      =        0.0000
 1-4 VDW =     -149.6164  1-4 EEL =   -16227.9253  RESTRAINT  =        0.0000


   NSTEP       ENERGY          RMS            GMAX         NAME    NUMBER
   8000      -3.5015E+04     3.9915E-02     3.9402E+00     N1         75

 BOND    =       21.7304  ANGLE   =      217.7318  DIHED      =       81.4557
 VDWAALS =   -12277.8552  EEL     =    -6680.3235  HBOND      =        0.0000
 1-4 VDW =     -149.6154  1-4 EEL =   -16228.0421  RESTRAINT  =        0.0000


   NSTEP       ENERGY          RMS            GMAX         NAME    NUMBER
   8050      -3.5021E+04     5.4742E-02     3.2286E+00     C1         73

 BOND    =       21.7961  ANGLE   =      217.7197  DIHED      =       81.4286
 VDWAALS =   -12282.4001  EEL     =    -6681.3919  HBOND      =        0.0000
 1-4 VDW =     -149.6137  1-4 EEL =   -16228.2790  RESTRAINT  =        0.0000


   NSTEP       ENERGY          RMS            GMAX         NAME    NUMBER
   8100      -3.5022E+04     3.0940E-02     1.7953E+00     C1       7354

 BOND    =       21.9486  ANGLE   =      217.6716  DIHED      =       81.4416
 VDWAALS =   -12283.6562  EEL     =    -6681.8096  HBOND      =        0.0000
 1-4 VDW =     -149.6141  1-4 EEL =   -16228.4514  RESTRAINT  =        0.0000


   NSTEP       ENERGY          RMS            GMAX         NAME    NUMBER
   8150      -3.5024E+04     5.6531E-02     3.9894E+00     C1       7354

 BOND    =       22.0434  ANGLE   =      217.6652  DIHED      =       81.4324
 VDWAALS =   -12284.7191  EEL     =    -6682.2119  HBOND      =        0.0000
 1-4 VDW =     -149.6142  1-4 EEL =   -16228.5079  RESTRAINT  =        0.0000


   NSTEP       ENERGY          RMS            GMAX         NAME    NUMBER
   8200      -3.5026E+04     4.6968E-02     2.6441E+00     C1       7354

 BOND    =       21.9112  ANGLE   =      217.6870  DIHED      =       81.4351
 VDWAALS =   -12286.1578  EEL     =    -6682.7435  HBOND      =        0.0000
 1-4 VDW =     -149.6133  1-4 EEL =   -16228.4326  RESTRAINT  =        0.0000


   NSTEP       ENERGY          RMS            GMAX         NAME    NUMBER
   8250      -3.5029E+04     2.7938E-02     2.1470E+00     H1A        79

 BOND    =       21.8599  ANGLE   =      217.6891  DIHED      =       81.4351
 VDWAALS =   -12288.2969  EEL     =    -6683.6056  HBOND      =        0.0000
 1-4 VDW =     -149.6133  1-4 EEL =   -16228.2773  RESTRAINT  =        0.0000


   NSTEP       ENERGY          RMS            GMAX         NAME    NUMBER
   8300      -3.5034E+04     4.0665E-02     3.0531E+00     O1         74

 BOND    =       21.8311  ANGLE   =      217.7369  DIHED      =       81.4390
 VDWAALS =   -12291.9811  EEL     =    -6685.0026  HBOND      =        0.0000
 1-4 VDW =     -149.6090  1-4 EEL =   -16228.0222  RESTRAINT  =        0.0000


   NSTEP       ENERGY          RMS            GMAX         NAME    NUMBER
   8350      -3.5041E+04     3.1335E-02     1.4724E+00     H1         76

 BOND    =       22.1044  ANGLE   =      217.7483  DIHED      =       81.4458
 VDWAALS =   -12297.5946  EEL     =    -6686.3627  HBOND      =        0.0000
 1-4 VDW =     -149.6094  1-4 EEL =   -16228.6497  RESTRAINT  =        0.0000


   NSTEP       ENERGY          RMS            GMAX         NAME    NUMBER
   8400      -3.5044E+04     4.8126E-02     3.5438E+00     N1A        78

 BOND    =       21.9411  ANGLE   =      217.6935  DIHED      =       81.4423
 VDWAALS =   -12300.2164  EEL     =    -6687.5583  HBOND      =        0.0000
 1-4 VDW =     -149.6111  1-4 EEL =   -16228.1774  RESTRAINT  =        0.0000


   NSTEP       ENERGY          RMS            GMAX         NAME    NUMBER
   8450      -3.5050E+04     4.9502E-02     5.2938E+00     O1         74

 BOND    =       21.8635  ANGLE   =      217.7446  DIHED      =       81.4307
 VDWAALS =   -12304.4132  EEL     =    -6688.9913  HBOND      =        0.0000
 1-4 VDW =     -149.6090  1-4 EEL =   -16228.1367  RESTRAINT  =        0.0000


   NSTEP       ENERGY          RMS            GMAX         NAME    NUMBER
   8500      -3.5052E+04     7.5710E-02     3.5906E+00     C1       7354

 BOND    =       22.0125  ANGLE   =      217.7467  DIHED      =       81.4339
 VDWAALS =   -12306.1340  EEL     =    -6689.1694  HBOND      =        0.0000
 1-4 VDW =     -149.6068  1-4 EEL =   -16228.4630  RESTRAINT  =        0.0000


   NSTEP       ENERGY          RMS            GMAX         NAME    NUMBER
   8550      -3.5053E+04     2.3633E-01     1.6324E+01     N1A        78

 BOND    =       22.5059  ANGLE   =      217.9372  DIHED      =       81.4310
 VDWAALS =   -12307.0849  EEL     =    -6689.6620  HBOND      =        0.0000
 1-4 VDW =     -149.6093  1-4 EEL =   -16228.5680  RESTRAINT  =        0.0000


   NSTEP       ENERGY          RMS            GMAX         NAME    NUMBER
   8600      -3.5054E+04     5.5689E-02     3.3257E+00     C1       7354

 BOND    =       21.8309  ANGLE   =      217.7595  DIHED      =       81.4386
 VDWAALS =   -12307.4034  EEL     =    -6690.0528  HBOND      =        0.0000
 1-4 VDW =     -149.6111  1-4 EEL =   -16228.0180  RESTRAINT  =        0.0000


   NSTEP       ENERGY          RMS            GMAX         NAME    NUMBER
   8650      -3.5066E+04     3.1754E-01     1.7613E+01     C1       3862

 BOND    =       22.8596  ANGLE   =      218.7883  DIHED      =       81.5040
 VDWAALS =   -12318.2517  EEL     =    -6693.5136  HBOND      =        0.0000
 1-4 VDW =     -149.6807  1-4 EEL =   -16227.5850  RESTRAINT  =        0.0000


   NSTEP       ENERGY          RMS            GMAX         NAME    NUMBER
   8700      -3.5072E+04     7.1594E-02     4.2544E+00     C1         73

 BOND    =       21.9179  ANGLE   =      217.8118  DIHED      =       81.5645
 VDWAALS =   -12320.4648  EEL     =    -6694.9541  HBOND      =        0.0000
 1-4 VDW =     -149.6167  1-4 EEL =   -16228.2483  RESTRAINT  =        0.0000


   NSTEP       ENERGY          RMS            GMAX         NAME    NUMBER
   8750      -3.5074E+04     6.1632E-02     3.6818E+00     N1A        78

 BOND    =       21.8811  ANGLE   =      217.7974  DIHED      =       81.4534
 VDWAALS =   -12322.0115  EEL     =    -6695.0431  HBOND      =        0.0000
 1-4 VDW =     -149.6151  1-4 EEL =   -16228.0741  RESTRAINT  =        0.0000


   NSTEP       ENERGY          RMS            GMAX         NAME    NUMBER
   8800      -3.5074E+04     5.0154E-02     3.9384E+00     C        9171

 BOND    =       21.9549  ANGLE   =      217.7302  DIHED      =       81.4535
 VDWAALS =   -12322.4813  EEL     =    -6695.1159  HBOND      =        0.0000
 1-4 VDW =     -149.6146  1-4 EEL =   -16228.1982  RESTRAINT  =        0.0000


   NSTEP       ENERGY          RMS            GMAX         NAME    NUMBER
   8850      -3.5077E+04     1.7300E-01     1.2516E+01     C1         73

 BOND    =       21.9109  ANGLE   =      218.4626  DIHED      =       81.6806
 VDWAALS =   -12325.4046  EEL     =    -6695.8846  HBOND      =        0.0000
 1-4 VDW =     -149.6101  1-4 EEL =   -16228.2700  RESTRAINT  =        0.0000


   NSTEP       ENERGY          RMS            GMAX         NAME    NUMBER
   8900      -3.5080E+04     1.1602E-01     8.4504E+00     N1         75

 BOND    =       21.9523  ANGLE   =      218.0347  DIHED      =       81.8570
 VDWAALS =   -12326.9238  EEL     =    -6696.6144  HBOND      =        0.0000
 1-4 VDW =     -149.6089  1-4 EEL =   -16228.3268  RESTRAINT  =        0.0000


   NSTEP       ENERGY          RMS            GMAX         NAME    NUMBER
   8950      -3.5082E+04     2.7200E-01     2.1526E+01     C1         73

 BOND    =       21.9729  ANGLE   =      218.0393  DIHED      =       81.5585
 VDWAALS =   -12329.1242  EEL     =    -6697.4705  HBOND      =        0.0000
 1-4 VDW =     -149.6108  1-4 EEL =   -16227.8176  RESTRAINT  =        0.0000


   NSTEP       ENERGY          RMS            GMAX         NAME    NUMBER
   9000      -3.5084E+04     8.6310E-02     5.5157E+00     C1         73

 BOND    =       22.1738  ANGLE   =      217.7363  DIHED      =       81.5278
 VDWAALS =   -12329.9012  EEL     =    -6697.5189  HBOND      =        0.0000
 1-4 VDW =     -149.6096  1-4 EEL =   -16228.3986  RESTRAINT  =        0.0000


   NSTEP       ENERGY          RMS            GMAX         NAME    NUMBER
   9050      -3.5089E+04     3.0627E-01     1.8768E+01     C1       8386

 BOND    =       22.3952  ANGLE   =      217.8357  DIHED      =       83.0122
 VDWAALS =   -12334.8904  EEL     =    -6698.8798  HBOND      =        0.0000
 1-4 VDW =     -149.6158  1-4 EEL =   -16228.6793  RESTRAINT  =        0.0000


   NSTEP       ENERGY          RMS            GMAX         NAME    NUMBER
   9100      -3.5096E+04     2.7280E-01     1.6629E+01     N        8387

 BOND    =       22.7432  ANGLE   =      218.2599  DIHED      =       82.0635
 VDWAALS =   -12339.1745  EEL     =    -6702.1936  HBOND      =        0.0000
 1-4 VDW =     -149.6405  1-4 EEL =   -16228.4810  RESTRAINT  =        0.0000


   NSTEP       ENERGY          RMS            GMAX         NAME    NUMBER
   9150      -3.5101E+04     9.4051E-02     8.0556E+00     N1A        78

 BOND    =       22.0737  ANGLE   =      217.8280  DIHED      =       81.5431
 VDWAALS =   -12342.2244  EEL     =    -6702.1211  HBOND      =        0.0000
 1-4 VDW =     -149.6133  1-4 EEL =   -16228.3034  RESTRAINT  =        0.0000


   NSTEP       ENERGY          RMS            GMAX         NAME    NUMBER
   9200      -3.5102E+04     7.3714E-02     4.3002E+00     C1       9172

 BOND    =       21.9487  ANGLE   =      217.7315  DIHED      =       81.4754
 VDWAALS =   -12342.6620  EEL     =    -6702.1880  HBOND      =        0.0000
 1-4 VDW =     -149.6113  1-4 EEL =   -16228.2706  RESTRAINT  =        0.0000


   NSTEP       ENERGY          RMS            GMAX         NAME    NUMBER
   9250      -3.5104E+04     5.3406E-02     2.4885E+00     C1      10708

 BOND    =       22.2617  ANGLE   =      217.7087  DIHED      =       81.3692
 VDWAALS =   -12344.7180  EEL     =    -6703.0215  HBOND      =        0.0000
 1-4 VDW =     -149.6037  1-4 EEL =   -16228.3037  RESTRAINT  =        0.0000


   NSTEP       ENERGY          RMS            GMAX         NAME    NUMBER
   9300      -3.5107E+04     4.2173E-02     2.2862E+00     H2A        80

 BOND    =       22.1646  ANGLE   =      217.7648  DIHED      =       81.3771
 VDWAALS =   -12346.2787  EEL     =    -6703.5944  HBOND      =        0.0000
 1-4 VDW =     -149.6096  1-4 EEL =   -16228.3979  RESTRAINT  =        0.0000


   NSTEP       ENERGY          RMS            GMAX         NAME    NUMBER
   9350      -3.5108E+04     3.9665E-02     2.5425E+00     C1       8386

 BOND    =       22.0539  ANGLE   =      217.7354  DIHED      =       81.4098
 VDWAALS =   -12347.2403  EEL     =    -6704.1099  HBOND      =        0.0000
 1-4 VDW =     -149.6095  1-4 EEL =   -16228.2300  RESTRAINT  =        0.0000

     ... RESTARTED DUE TO LINMIN FAILURE ...


   NSTEP       ENERGY          RMS            GMAX         NAME    NUMBER
   9400      -3.5110E+04     4.4699E-02     3.4494E+00     C1         73

 BOND    =       22.1628  ANGLE   =      217.7656  DIHED      =       81.4491
 VDWAALS =   -12348.4719  EEL     =    -6704.5225  HBOND      =        0.0000
 1-4 VDW =     -149.6057  1-4 EEL =   -16228.3062  RESTRAINT  =        0.0000


   NSTEP       ENERGY          RMS            GMAX         NAME    NUMBER
   9450      -3.5111E+04     1.3782E-01     9.7215E+00     N        8387

 BOND    =       22.1980  ANGLE   =      218.2082  DIHED      =       81.4525
 VDWAALS =   -12349.9665  EEL     =    -6705.0813  HBOND      =        0.0000
 1-4 VDW =     -149.6167  1-4 EEL =   -16228.4445  RESTRAINT  =        0.0000


   NSTEP       ENERGY          RMS            GMAX         NAME    NUMBER
   9500      -3.5118E+04     1.9243E-01     1.2421E+01     N1A        78

 BOND    =       22.2419  ANGLE   =      218.5319  DIHED      =       81.6740
 VDWAALS =   -12354.9871  EEL     =    -6707.1826  HBOND      =        0.0000
 1-4 VDW =     -149.6147  1-4 EEL =   -16228.2118  RESTRAINT  =        0.0000


   NSTEP       ENERGY          RMS            GMAX         NAME    NUMBER
   9550      -3.5121E+04     6.3438E-02     6.2313E+00     C1         73

 BOND    =       22.2519  ANGLE   =      217.7886  DIHED      =       81.4616
 VDWAALS =   -12357.6259  EEL     =    -6707.2481  HBOND      =        0.0000
 1-4 VDW =     -149.6048  1-4 EEL =   -16228.4214  RESTRAINT  =        0.0000


   NSTEP       ENERGY          RMS            GMAX         NAME    NUMBER
   9600      -3.5123E+04     4.7740E-02     2.5070E+00     N1A        78

 BOND    =       22.0667  ANGLE   =      217.7444  DIHED      =       81.3991
 VDWAALS =   -12358.3953  EEL     =    -6707.6666  HBOND      =        0.0000
 1-4 VDW =     -149.6118  1-4 EEL =   -16228.1606  RESTRAINT  =        0.0000


   NSTEP       ENERGY          RMS            GMAX         NAME    NUMBER
   9650      -3.5123E+04     6.8860E-02     6.8223E+00     C1         73

 BOND    =       22.2012  ANGLE   =      217.8222  DIHED      =       81.3575
 VDWAALS =   -12359.2047  EEL     =    -6707.6497  HBOND      =        0.0000
 1-4 VDW =     -149.6020  1-4 EEL =   -16228.3043  RESTRAINT  =        0.0000


   NSTEP       ENERGY          RMS            GMAX         NAME    NUMBER
   9700      -3.5125E+04     7.3653E-02     6.2617E+00     N1         75

 BOND    =       22.1841  ANGLE   =      217.7318  DIHED      =       82.0477
 VDWAALS =   -12360.2719  EEL     =    -6707.8776  HBOND      =        0.0000
 1-4 VDW =     -149.6114  1-4 EEL =   -16228.7706  RESTRAINT  =        0.0000


   NSTEP       ENERGY          RMS            GMAX         NAME    NUMBER
   9750      -3.5126E+04     6.6690E-02     6.5915E+00     C1         73

 BOND    =       22.1582  ANGLE   =      217.8403  DIHED      =       81.4223
 VDWAALS =   -12361.1989  EEL     =    -6708.1252  HBOND      =        0.0000
 1-4 VDW =     -149.6079  1-4 EEL =   -16228.3625  RESTRAINT  =        0.0000


   NSTEP       ENERGY          RMS            GMAX         NAME    NUMBER
   9800      -3.5126E+04     3.9221E-02     3.2206E+00     H2         77

 BOND    =       22.0450  ANGLE   =      217.7562  DIHED      =       81.4276
 VDWAALS =   -12361.4083  EEL     =    -6708.2350  HBOND      =        0.0000
 1-4 VDW =     -149.6093  1-4 EEL =   -16228.2360  RESTRAINT  =        0.0000


   NSTEP       ENERGY          RMS            GMAX         NAME    NUMBER
   9850      -3.5130E+04     1.9831E-02     1.1125E+00     C1         73

 BOND    =       22.1250  ANGLE   =      217.7922  DIHED      =       81.4208
 VDWAALS =   -12364.2626  EEL     =    -6708.7137  HBOND      =        0.0000
 1-4 VDW =     -149.6050  1-4 EEL =   -16228.3706  RESTRAINT  =        0.0000


   NSTEP       ENERGY          RMS            GMAX         NAME    NUMBER
   9900      -3.5130E+04     3.9110E-02     1.9840E+00     C1       8230

 BOND    =       22.1669  ANGLE   =      217.7935  DIHED      =       81.4308
 VDWAALS =   -12364.8229  EEL     =    -6708.7993  HBOND      =        0.0000
 1-4 VDW =     -149.6042  1-4 EEL =   -16228.4283  RESTRAINT  =        0.0000


   NSTEP       ENERGY          RMS            GMAX         NAME    NUMBER
   9950      -3.5131E+04     1.3143E-01     7.4732E+00     H2         77

 BOND    =       22.3608  ANGLE   =      217.7708  DIHED      =       81.3855
 VDWAALS =   -12365.7671  EEL     =    -6709.0195  HBOND      =        0.0000
 1-4 VDW =     -149.6010  1-4 EEL =   -16228.2510  RESTRAINT  =        0.0000


   NSTEP       ENERGY          RMS            GMAX         NAME    NUMBER
  10000      -3.5137E+04     2.8429E-01     2.4948E+01     N1A        78

 BOND    =       22.0437  ANGLE   =      219.1952  DIHED      =       81.8115
 VDWAALS =   -12372.0139  EEL     =    -6710.2968  HBOND      =        0.0000
 1-4 VDW =     -149.6124  1-4 EEL =   -16227.6548  RESTRAINT  =        0.0000


  Maximum number of minimization cycles reached.


                    FINAL RESULTS



   NSTEP       ENERGY          RMS            GMAX         NAME    NUMBER
  10000      -3.5137E+04     2.8429E-01     2.4948E+01     N1A        78

 BOND    =       22.0437  ANGLE   =      219.1952  DIHED      =       81.8115
 VDWAALS =   -12372.0139  EEL     =    -6710.2968  HBOND      =        0.0000
 1-4 VDW =     -149.6124  1-4 EEL =   -16227.6548  RESTRAINT  =        0.0000

--------------------------------------------------------------------------------
   5.  TIMINGS
--------------------------------------------------------------------------------

|                Build the list             0.24 (19.77% of List )
|                Other                      0.97 (80.23% of List )
|             List time                  1.21 ( 0.77% of Nonbo)
|                   Short_ene time            50.66 (87.13% of Direc)
|                   Other                      7.49 (12.87% of Direc)
|                Direct Ewald time         58.15 (37.25% of Ewald)
|                Adjust Ewald time          1.77 ( 1.14% of Ewald)
|                Self Ewald time            0.02 ( 0.01% of Ewald)
|                   Fill Bspline coeffs        2.66 ( 9.11% of Recip)
|                   Fill charge grid           1.92 ( 6.57% of Recip)
|                   Scalar sum                 4.58 (15.70% of Recip)
|                   Grad sum                   2.97 (10.18% of Recip)
|                      FFT back comm time         3.24 (21.73% of FFT t)
|                      Other                     11.68 (78.27% of FFT t)
|                   FFT time                  14.92 (51.13% of Recip)
|                   Other                      2.13 ( 7.31% of Recip)
|                Recip Ewald time          29.19 (18.70% of Ewald)
|                Force Adjust              64.78 (41.50% of Ewald)
|                Virial junk                1.66 ( 1.07% of Ewald)
|                Other                      0.50 ( 0.32% of Ewald)
|             Ewald time               156.09 (99.22% of Nonbo)
|             Other                      0.01 ( 0.01% of Nonbo)
|          Nonbond force            157.31 (91.83% of Force)
|          Bond/Angle/Dihedral        3.37 ( 1.97% of Force)
|          FRC Collect time           6.59 ( 3.84% of Force)
|          Other                      4.05 ( 2.36% of Force)
|       Force time               171.31 (100.0% of Runmd)
|    Runmd Time               171.31 (87.48% of Total)
|    Other                     24.51 (12.52% of Total)
| Total time               195.83 (100.0% of ALL  )

| Highest rstack allocated:      86829
| Highest istack allocated:       1981
|           Job began  at 19:21:42.535  on 02/01/2022
|           Setup done at 19:21:42.730  on 02/01/2022
|           Run   done at 19:24:58.367  on 02/01/2022
|     wallclock() was called  440094 times

|3D-RISM memory allocation summary
|Type          Maximum        Current   
|Integer       0.00000 GB     0.00000 GB
|Real          0.00000 GB     0.00000 GB
|Logical       0.00000 GB     0.00000 GB
|Character     0.00000 GB     0.00000 GB
|---------------------------------------
|Total         0.00000 GB     0.00000 GB
